0 verbose cli /data/data/com.termux/files/usr/bin/node /data/data/com.termux/files/usr/bin/npm
1 info using npm@10.9.2
2 info using node@v23.6.1
3 silly config load:file:/data/data/com.termux/files/usr/lib/node_modules/npm/npmrc
4 silly config load:file:/data/data/com.termux/files/home/.npmrc
5 silly config load:file:/data/data/com.termux/files/usr/etc/npmrc
6 verbose title npm install acodex-server
7 verbose argv "install" "--global" "acodex-server"
8 verbose logfile logs-max:10 dir:/data/data/com.termux/files/home/.npm/_logs/2025-01-22T18_07_45_973Z-
9 verbose logfile /data/data/com.termux/files/home/.npm/_logs/2025-01-22T18_07_45_973Z-debug-0.log
10 silly packumentCache heap:1098907648 maxSize:274726912 maxEntrySize:137363456
11 silly logfile done cleaning log files
12 silly idealTree buildDeps
13 silly fetch manifest acodex-server@*
14 silly packumentCache full:https://registry.npmjs.org/acodex-server cache-miss
15 http cache https://registry.npmjs.org/acodex-server 55ms (cache hit)
16 silly packumentCache full:https://registry.npmjs.org/acodex-server set size:30622 disposed:false
17 silly placeDep ROOT acodex-server@1.1.7 OK for:  want: *
18 silly fetch manifest @hono/node-server@^1.12.2
19 silly packumentCache full:https://registry.npmjs.org/@hono%2fnode-server cache-miss
20 silly fetch manifest @xterm/addon-serialize@^0.13.0
21 silly packumentCache full:https://registry.npmjs.org/@xterm%2faddon-serialize cache-miss
22 silly fetch manifest @xterm/headless@^5.5.0
23 silly packumentCache full:https://registry.npmjs.org/@xterm%2fheadless cache-miss
24 silly fetch manifest @xterm/xterm@^5.5.0
25 silly packumentCache full:https://registry.npmjs.org/@xterm%2fxterm cache-miss
26 silly fetch manifest commander@^11.1.0
27 silly packumentCache full:https://registry.npmjs.org/commander cache-miss
28 http cache https://registry.npmjs.org/@xterm%2fheadless 36ms (cache hit)
29 silly packumentCache full:https://registry.npmjs.org/@xterm%2fheadless set size:225604 disposed:false
30 silly fetch manifest hono@^3.12.12
31 silly packumentCache full:https://registry.npmjs.org/hono cache-miss
32 http cache https://registry.npmjs.org/@hono%2fnode-server 52ms (cache hit)
33 silly packumentCache full:https://registry.npmjs.org/@hono%2fnode-server set size:148332 disposed:false
34 silly fetch manifest node-pty@^1.0.0
35 silly packumentCache full:https://registry.npmjs.org/node-pty cache-miss
36 http cache https://registry.npmjs.org/commander 61ms (cache hit)
37 silly packumentCache full:https://registry.npmjs.org/commander set size:336656 disposed:false
38 silly fetch manifest ws@^8.18.0
39 silly packumentCache full:https://registry.npmjs.org/ws cache-miss
40 http cache https://registry.npmjs.org/@xterm%2faddon-serialize 96ms (cache hit)
41 silly packumentCache full:https://registry.npmjs.org/@xterm%2faddon-serialize set size:352685 disposed:false
42 http cache https://registry.npmjs.org/@xterm%2fxterm 106ms (cache hit)
43 silly packumentCache full:https://registry.npmjs.org/@xterm%2fxterm set size:676064 disposed:false
44 http cache https://registry.npmjs.org/hono 107ms (cache hit)
45 silly packumentCache full:https://registry.npmjs.org/hono set size:4155874 disposed:false
46 http cache https://registry.npmjs.org/node-pty 253ms (cache hit)
47 silly packumentCache full:https://registry.npmjs.org/node-pty set size:435848 disposed:false
48 http cache https://registry.npmjs.org/ws 259ms (cache hit)
49 silly packumentCache full:https://registry.npmjs.org/ws set size:403597 disposed:false
50 silly fetch manifest hono@^4
51 silly packumentCache full:https://registry.npmjs.org/hono cache-miss
52 http cache https://registry.npmjs.org/hono 30ms (cache hit)
53 silly packumentCache full:https://registry.npmjs.org/hono set size:4155874 disposed:false
54 silly fetch manifest bufferutil@^4.0.1
55 silly packumentCache full:https://registry.npmjs.org/bufferutil cache-miss
56 http cache https://registry.npmjs.org/bufferutil 7ms (cache hit)
57 silly packumentCache full:https://registry.npmjs.org/bufferutil set size:51033 disposed:false
58 silly fetch manifest utf-8-validate@>=5.0.2
59 silly packumentCache full:https://registry.npmjs.org/utf-8-validate cache-miss
60 http cache https://registry.npmjs.org/utf-8-validate 7ms (cache hit)
61 silly packumentCache full:https://registry.npmjs.org/utf-8-validate set size:75205 disposed:false
62 silly placeDep node_modules/acodex-server @hono/node-server@1.13.7 OK for: acodex-server@1.1.7 want: ^1.12.2
63 silly placeDep node_modules/acodex-server @xterm/addon-serialize@0.13.0 OK for: acodex-server@1.1.7 want: ^0.13.0
64 silly placeDep node_modules/acodex-server @xterm/xterm@5.5.0 OK for: @xterm/addon-serialize@0.13.0 want: ^5.0.0
65 silly placeDep node_modules/acodex-server @xterm/headless@5.5.0 OK for: acodex-server@1.1.7 want: ^5.5.0
66 silly placeDep node_modules/acodex-server commander@11.1.0 OK for: acodex-server@1.1.7 want: ^11.1.0
67 silly placeDep node_modules/acodex-server hono@3.12.12 OK for: acodex-server@1.1.7 want: ^3.12.12
68 silly placeDep node_modules/acodex-server node-pty@1.0.0 OK for: acodex-server@1.1.7 want: ^1.0.0
69 silly placeDep node_modules/acodex-server ws@8.18.0 OK for: acodex-server@1.1.7 want: ^8.18.0
70 silly fetch manifest nan@^2.17.0
71 silly packumentCache full:https://registry.npmjs.org/nan cache-miss
72 http cache https://registry.npmjs.org/nan 10ms (cache hit)
73 silly packumentCache full:https://registry.npmjs.org/nan set size:218271 disposed:false
74 warn ERESOLVE overriding peer dependency {
74 warn ERESOLVE   code: 'ERESOLVE',
74 warn ERESOLVE   edge: {
74 warn ERESOLVE     type: 'peer',
74 warn ERESOLVE     name: 'hono',
74 warn ERESOLVE     spec: '^4',
74 warn ERESOLVE     error: 'INVALID',
74 warn ERESOLVE     from: {
74 warn ERESOLVE       name: '@hono/node-server',
74 warn ERESOLVE       version: '1.13.7',
74 warn ERESOLVE       location: 'node_modules/acodex-server/node_modules/@hono/node-server',
74 warn ERESOLVE       isWorkspace: false,
74 warn ERESOLVE       dependents: [Array]
74 warn ERESOLVE     }
74 warn ERESOLVE   },
74 warn ERESOLVE   dep: {
74 warn ERESOLVE     name: 'hono',
74 warn ERESOLVE     version: '4.6.17',
74 warn ERESOLVE     whileInstalling: {
74 warn ERESOLVE       name: '@hono/node-server',
74 warn ERESOLVE       version: '1.13.7',
74 warn ERESOLVE       path: '/data/data/com.termux/files/usr/lib/node_modules/acodex-server/node_modules/@hono/node-server'
74 warn ERESOLVE     },
74 warn ERESOLVE     location: 'node_modules/hono',
74 warn ERESOLVE     isWorkspace: false,
74 warn ERESOLVE     dependents: [ [Object] ]
74 warn ERESOLVE   },
74 warn ERESOLVE   force: false,
74 warn ERESOLVE   isMine: false,
74 warn ERESOLVE   strictPeerDeps: false,
74 warn ERESOLVE   current: {
74 warn ERESOLVE     name: 'hono',
74 warn ERESOLVE     version: '3.12.12',
74 warn ERESOLVE     location: 'node_modules/acodex-server/node_modules/hono',
74 warn ERESOLVE     isWorkspace: false,
74 warn ERESOLVE     dependents: [ [Object] ]
74 warn ERESOLVE   },
74 warn ERESOLVE   peerConflict: {
74 warn ERESOLVE     current: {
74 warn ERESOLVE       name: 'hono',
74 warn ERESOLVE       version: '3.12.12',
74 warn ERESOLVE       location: 'node_modules/acodex-server/node_modules/hono',
74 warn ERESOLVE       isWorkspace: false,
74 warn ERESOLVE       dependents: [Array]
74 warn ERESOLVE     },
74 warn ERESOLVE     peer: {
74 warn ERESOLVE       name: 'hono',
74 warn ERESOLVE       version: '4.6.17',
74 warn ERESOLVE       whileInstalling: [Object],
74 warn ERESOLVE       location: 'node_modules/hono',
74 warn ERESOLVE       isWorkspace: false,
74 warn ERESOLVE       dependents: [Array]
74 warn ERESOLVE     }
74 warn ERESOLVE   }
74 warn ERESOLVE }
75 silly placeDep node_modules/acodex-server nan@2.22.0 OK for: node-pty@1.0.0 want: ^2.17.0
76 silly reify moves {}
77 http cache acodex-server@https://registry.npmjs.org/acodex-server/-/acodex-server-1.1.7.tgz 0ms (cache hit)
78 http cache nan@https://registry.npmjs.org/nan/-/nan-2.22.0.tgz 0ms (cache hit)
79 http cache node-pty@https://registry.npmjs.org/node-pty/-/node-pty-1.0.0.tgz 0ms (cache hit)
80 http cache ws@https://registry.npmjs.org/ws/-/ws-8.18.0.tgz 0ms (cache hit)
81 http cache @xterm/headless@https://registry.npmjs.org/@xterm/headless/-/headless-5.5.0.tgz 0ms (cache hit)
82 http cache commander@https://registry.npmjs.org/commander/-/commander-11.1.0.tgz 0ms (cache hit)
83 http cache @xterm/xterm@https://registry.npmjs.org/@xterm/xterm/-/xterm-5.5.0.tgz 0ms (cache hit)
84 http cache @xterm/addon-serialize@https://registry.npmjs.org/@xterm/addon-serialize/-/addon-serialize-0.13.0.tgz 0ms (cache hit)
85 http cache @hono/node-server@https://registry.npmjs.org/@hono/node-server/-/node-server-1.13.7.tgz 0ms (cache hit)
86 http cache hono@https://registry.npmjs.org/hono/-/hono-3.12.12.tgz 0ms (cache hit)
87 info run node-pty@1.0.0 install node_modules/acodex-server/node_modules/node-pty node-gyp rebuild
88 info run node-pty@1.0.0 install { code: 0, signal: null }
89 info run node-pty@1.0.0 postinstall node_modules/acodex-server/node_modules/node-pty node scripts/post-install.js
90 info run node-pty@1.0.0 postinstall { code: 0, signal: null }
91 silly ADD node_modules/acodex-server
92 silly ADD node_modules/acodex-server/node_modules/nan
93 silly ADD node_modules/acodex-server/node_modules/ws
94 silly ADD node_modules/acodex-server/node_modules/node-pty
95 silly ADD node_modules/acodex-server/node_modules/hono
96 silly ADD node_modules/acodex-server/node_modules/commander
97 silly ADD node_modules/acodex-server/node_modules/@xterm/headless
98 silly ADD node_modules/acodex-server/node_modules/@xterm/xterm
99 silly ADD node_modules/acodex-server/node_modules/@xterm/addon-serialize
100 silly ADD node_modules/acodex-server/node_modules/@hono/node-server
101 verbose cwd /data/data/com.termux/files/home
102 verbose os Linux 5.15.123-android13-8-00044-g5682afbff3e0-ab11501453
103 verbose node v23.6.1
104 verbose npm  v10.9.2
105 verbose exit 0
106 info ok
