0 verbose cli /data/data/com.termux/files/usr/bin/node /data/data/com.termux/files/usr/bin/npm
1 info using npm@10.9.2
2 info using node@v23.6.1
3 silly config load:file:/data/data/com.termux/files/usr/lib/node_modules/npm/npmrc
4 silly config load:file:/data/data/com.termux/files/home/.npmrc
5 silly config load:file:/data/data/com.termux/files/usr/etc/npmrc
6 verbose title npm i nodemon
7 verbose argv "i" "--global" "nodemon"
8 verbose logfile logs-max:10 dir:/data/data/com.termux/files/home/.npm/_logs/2025-01-22T18_19_14_074Z-
9 verbose logfile /data/data/com.termux/files/home/.npm/_logs/2025-01-22T18_19_14_074Z-debug-0.log
10 silly packumentCache heap:1098907648 maxSize:274726912 maxEntrySize:137363456
11 silly logfile done cleaning log files
12 silly idealTree buildDeps
13 silly fetch manifest nodemon@*
14 silly packumentCache full:https://registry.npmjs.org/nodemon cache-miss
15 http fetch GET 200 https://registry.npmjs.org/nodemon 443ms (cache miss)
16 silly packumentCache full:https://registry.npmjs.org/nodemon set size:undefined disposed:false
17 silly placeDep ROOT nodemon@3.1.9 OK for:  want: *
18 silly fetch manifest chokidar@^3.5.2
19 silly packumentCache full:https://registry.npmjs.org/chokidar cache-miss
20 silly fetch manifest debug@^4
21 silly packumentCache full:https://registry.npmjs.org/debug cache-miss
22 silly fetch manifest ignore-by-default@^1.0.1
23 silly packumentCache full:https://registry.npmjs.org/ignore-by-default cache-miss
24 silly fetch manifest minimatch@^3.1.2
25 silly packumentCache full:https://registry.npmjs.org/minimatch cache-miss
26 silly fetch manifest pstree.remy@^1.1.8
27 silly packumentCache full:https://registry.npmjs.org/pstree.remy cache-miss
28 http cache https://registry.npmjs.org/debug 73ms (cache hit)
29 silly packumentCache full:https://registry.npmjs.org/debug set size:191331 disposed:false
30 silly fetch manifest semver@^7.5.3
31 silly packumentCache full:https://registry.npmjs.org/semver cache-miss
32 http fetch GET 200 https://registry.npmjs.org/chokidar 186ms (cache miss)
33 silly packumentCache full:https://registry.npmjs.org/chokidar set size:undefined disposed:false
34 silly fetch manifest simple-update-notifier@^2.0.0
35 silly packumentCache full:https://registry.npmjs.org/simple-update-notifier cache-miss
36 http fetch GET 200 https://registry.npmjs.org/ignore-by-default 230ms (cache miss)
37 silly packumentCache full:https://registry.npmjs.org/ignore-by-default set size:undefined disposed:false
38 silly fetch manifest supports-color@^5.5.0
39 silly packumentCache full:https://registry.npmjs.org/supports-color cache-miss
40 http fetch GET 200 https://registry.npmjs.org/pstree.remy 242ms (cache miss)
41 silly packumentCache full:https://registry.npmjs.org/pstree.remy set size:undefined disposed:false
42 silly fetch manifest touch@^3.1.0
43 silly packumentCache full:https://registry.npmjs.org/touch cache-miss
44 http fetch GET 200 https://registry.npmjs.org/minimatch 264ms (cache miss)
45 silly packumentCache full:https://registry.npmjs.org/minimatch set size:undefined disposed:false
46 silly fetch manifest undefsafe@^2.0.5
47 silly packumentCache full:https://registry.npmjs.org/undefsafe cache-miss
48 http fetch GET 200 https://registry.npmjs.org/simple-update-notifier 112ms (cache miss)
49 silly packumentCache full:https://registry.npmjs.org/simple-update-notifier set size:undefined disposed:false
50 http fetch GET 200 https://registry.npmjs.org/supports-color 112ms (cache miss)
51 silly packumentCache full:https://registry.npmjs.org/supports-color set size:undefined disposed:false
52 http fetch GET 200 https://registry.npmjs.org/semver 278ms (cache miss)
53 silly packumentCache full:https://registry.npmjs.org/semver set size:undefined disposed:false
54 http fetch GET 200 https://registry.npmjs.org/touch 135ms (cache miss)
55 silly packumentCache full:https://registry.npmjs.org/touch set size:undefined disposed:false
56 http fetch GET 200 https://registry.npmjs.org/undefsafe 113ms (cache miss)
57 silly packumentCache full:https://registry.npmjs.org/undefsafe set size:undefined disposed:false
58 silly placeDep node_modules/nodemon chokidar@3.6.0 OK for: nodemon@3.1.9 want: ^3.5.2
59 silly placeDep node_modules/nodemon debug@4.4.0 OK for: nodemon@3.1.9 want: ^4
60 silly placeDep node_modules/nodemon ignore-by-default@1.0.1 OK for: nodemon@3.1.9 want: ^1.0.1
61 silly placeDep node_modules/nodemon minimatch@3.1.2 OK for: nodemon@3.1.9 want: ^3.1.2
62 silly placeDep node_modules/nodemon pstree.remy@1.1.8 OK for: nodemon@3.1.9 want: ^1.1.8
63 silly placeDep node_modules/nodemon semver@7.6.3 OK for: nodemon@3.1.9 want: ^7.5.3
64 silly placeDep node_modules/nodemon simple-update-notifier@2.0.0 OK for: nodemon@3.1.9 want: ^2.0.0
65 silly placeDep node_modules/nodemon supports-color@5.5.0 OK for: nodemon@3.1.9 want: ^5.5.0
66 silly placeDep node_modules/nodemon touch@3.1.1 OK for: nodemon@3.1.9 want: ^3.1.0
67 silly placeDep node_modules/nodemon undefsafe@2.0.5 OK for: nodemon@3.1.9 want: ^2.0.5
68 silly fetch manifest braces@~3.0.2
69 silly packumentCache full:https://registry.npmjs.org/braces cache-miss
70 silly fetch manifest is-glob@~4.0.1
71 silly packumentCache full:https://registry.npmjs.org/is-glob cache-miss
72 silly fetch manifest anymatch@~3.1.2
73 silly packumentCache full:https://registry.npmjs.org/anymatch cache-miss
74 silly fetch manifest readdirp@~3.6.0
75 silly packumentCache full:https://registry.npmjs.org/readdirp cache-miss
76 silly fetch manifest glob-parent@~5.1.2
77 silly packumentCache full:https://registry.npmjs.org/glob-parent cache-miss
78 http fetch GET 200 https://registry.npmjs.org/readdirp 81ms (cache miss)
79 silly packumentCache full:https://registry.npmjs.org/readdirp set size:undefined disposed:false
80 silly fetch manifest is-binary-path@~2.1.0
81 silly packumentCache full:https://registry.npmjs.org/is-binary-path cache-miss
82 http fetch GET 200 https://registry.npmjs.org/is-glob 149ms (cache miss)
83 silly packumentCache full:https://registry.npmjs.org/is-glob set size:undefined disposed:false
84 silly fetch manifest normalize-path@~3.0.0
85 silly packumentCache full:https://registry.npmjs.org/normalize-path cache-miss
86 http fetch GET 200 https://registry.npmjs.org/anymatch 157ms (cache miss)
87 silly packumentCache full:https://registry.npmjs.org/anymatch set size:undefined disposed:false
88 silly fetch manifest fsevents@~2.3.2
89 silly packumentCache full:https://registry.npmjs.org/fsevents cache-miss
90 http fetch GET 200 https://registry.npmjs.org/glob-parent 163ms (cache miss)
91 silly packumentCache full:https://registry.npmjs.org/glob-parent set size:undefined disposed:false
92 silly fetch manifest ms@^2.1.3
93 silly packumentCache full:https://registry.npmjs.org/ms cache-miss
94 http fetch GET 200 https://registry.npmjs.org/braces 171ms (cache miss)
95 silly packumentCache full:https://registry.npmjs.org/braces set size:undefined disposed:false
96 silly fetch manifest brace-expansion@^1.1.7
97 silly packumentCache full:https://registry.npmjs.org/brace-expansion cache-miss
98 http fetch GET 200 https://registry.npmjs.org/is-binary-path 84ms (cache miss)
99 silly packumentCache full:https://registry.npmjs.org/is-binary-path set size:undefined disposed:false
100 silly fetch manifest has-flag@^3.0.0
101 silly packumentCache full:https://registry.npmjs.org/has-flag cache-miss
102 http cache https://registry.npmjs.org/ms 23ms (cache hit)
103 silly packumentCache full:https://registry.npmjs.org/ms set size:84836 disposed:false
104 http fetch GET 200 https://registry.npmjs.org/brace-expansion 50ms (cache miss)
105 silly packumentCache full:https://registry.npmjs.org/brace-expansion set size:undefined disposed:false
106 http fetch GET 200 https://registry.npmjs.org/fsevents 75ms (cache miss)
107 silly packumentCache full:https://registry.npmjs.org/fsevents set size:undefined disposed:false
108 http fetch GET 200 https://registry.npmjs.org/normalize-path 97ms (cache miss)
109 silly packumentCache full:https://registry.npmjs.org/normalize-path set size:undefined disposed:false
110 http fetch GET 200 https://registry.npmjs.org/has-flag 94ms (cache miss)
111 silly packumentCache full:https://registry.npmjs.org/has-flag set size:undefined disposed:false
112 silly placeDep node_modules/nodemon anymatch@3.1.3 OK for: chokidar@3.6.0 want: ~3.1.2
113 silly placeDep node_modules/nodemon braces@3.0.3 OK for: chokidar@3.6.0 want: ~3.0.2
114 silly placeDep node_modules/nodemon fsevents@2.3.3 OK for: chokidar@3.6.0 want: ~2.3.2
115 silly placeDep node_modules/nodemon glob-parent@5.1.2 OK for: chokidar@3.6.0 want: ~5.1.2
116 silly placeDep node_modules/nodemon is-binary-path@2.1.0 OK for: chokidar@3.6.0 want: ~2.1.0
117 silly placeDep node_modules/nodemon is-glob@4.0.3 OK for: chokidar@3.6.0 want: ~4.0.1
118 silly placeDep node_modules/nodemon normalize-path@3.0.0 OK for: chokidar@3.6.0 want: ~3.0.0
119 silly placeDep node_modules/nodemon readdirp@3.6.0 OK for: chokidar@3.6.0 want: ~3.6.0
120 silly fetch manifest picomatch@^2.0.4
121 silly packumentCache full:https://registry.npmjs.org/picomatch cache-miss
122 silly fetch manifest normalize-path@^3.0.0
123 silly packumentCache full:https://registry.npmjs.org/normalize-path cache-miss
124 silly fetch manifest fill-range@^7.1.1
125 silly packumentCache full:https://registry.npmjs.org/fill-range cache-miss
126 silly fetch manifest is-glob@^4.0.1
127 silly packumentCache full:https://registry.npmjs.org/is-glob cache-miss
128 silly fetch manifest binary-extensions@^2.0.0
129 silly packumentCache full:https://registry.npmjs.org/binary-extensions cache-miss
130 http cache https://registry.npmjs.org/normalize-path 14ms (cache hit)
131 silly packumentCache full:https://registry.npmjs.org/normalize-path set size:28713 disposed:false
132 silly fetch manifest is-extglob@^2.1.1
133 silly packumentCache full:https://registry.npmjs.org/is-extglob cache-miss
134 http cache https://registry.npmjs.org/is-glob 18ms (cache hit)
135 silly packumentCache full:https://registry.npmjs.org/is-glob set size:40530 disposed:false
136 silly fetch manifest picomatch@^2.2.1
137 silly packumentCache full:https://registry.npmjs.org/picomatch cache-miss
138 http fetch GET 200 https://registry.npmjs.org/binary-extensions 70ms (cache miss)
139 silly packumentCache full:https://registry.npmjs.org/binary-extensions set size:undefined disposed:false
140 http fetch GET 200 https://registry.npmjs.org/fill-range 78ms (cache miss)
141 silly packumentCache full:https://registry.npmjs.org/fill-range set size:undefined disposed:false
142 http fetch GET 200 https://registry.npmjs.org/picomatch 102ms (cache miss)
143 silly packumentCache full:https://registry.npmjs.org/picomatch set size:undefined disposed:false
144 http fetch GET 200 https://registry.npmjs.org/is-extglob 102ms (cache miss)
145 silly packumentCache full:https://registry.npmjs.org/is-extglob set size:undefined disposed:false
146 http fetch GET 200 https://registry.npmjs.org/picomatch 100ms (cache miss)
147 silly packumentCache full:https://registry.npmjs.org/picomatch set size:undefined disposed:false
148 silly placeDep node_modules/nodemon picomatch@2.3.1 OK for: anymatch@3.1.3 want: ^2.0.4
149 silly placeDep node_modules/nodemon fill-range@7.1.1 OK for: braces@3.0.3 want: ^7.1.1
150 silly fetch manifest to-regex-range@^5.0.1
151 silly packumentCache full:https://registry.npmjs.org/to-regex-range cache-miss
152 http fetch GET 200 https://registry.npmjs.org/to-regex-range 60ms (cache miss)
153 silly packumentCache full:https://registry.npmjs.org/to-regex-range set size:undefined disposed:false
154 silly placeDep node_modules/nodemon ms@2.1.3 OK for: debug@4.4.0 want: ^2.1.3
155 silly placeDep node_modules/nodemon to-regex-range@5.0.1 OK for: fill-range@7.1.1 want: ^5.0.1
156 silly fetch manifest is-number@^7.0.0
157 silly packumentCache full:https://registry.npmjs.org/is-number cache-miss
158 http fetch GET 200 https://registry.npmjs.org/is-number 112ms (cache miss)
159 silly packumentCache full:https://registry.npmjs.org/is-number set size:undefined disposed:false
160 silly placeDep node_modules/nodemon binary-extensions@2.3.0 OK for: is-binary-path@2.1.0 want: ^2.0.0
161 silly placeDep node_modules/nodemon is-extglob@2.1.1 OK for: is-glob@4.0.3 want: ^2.1.1
162 silly placeDep node_modules/nodemon brace-expansion@1.1.11 OK for: minimatch@3.1.2 want: ^1.1.7
163 silly fetch manifest balanced-match@^1.0.0
164 silly packumentCache full:https://registry.npmjs.org/balanced-match cache-miss
165 silly fetch manifest concat-map@0.0.1
166 silly packumentCache full:https://registry.npmjs.org/concat-map cache-miss
167 http fetch GET 200 https://registry.npmjs.org/concat-map 61ms (cache miss)
168 silly packumentCache full:https://registry.npmjs.org/concat-map set size:undefined disposed:false
169 http fetch GET 200 https://registry.npmjs.org/balanced-match 66ms (cache miss)
170 silly packumentCache full:https://registry.npmjs.org/balanced-match set size:undefined disposed:false
171 silly placeDep node_modules/nodemon balanced-match@1.0.2 OK for: brace-expansion@1.1.11 want: ^1.0.0
172 silly placeDep node_modules/nodemon concat-map@0.0.1 OK for: brace-expansion@1.1.11 want: 0.0.1
173 silly placeDep node_modules/nodemon has-flag@3.0.0 OK for: supports-color@5.5.0 want: ^3.0.0
174 silly placeDep node_modules/nodemon is-number@7.0.0 OK for: to-regex-range@5.0.1 want: ^7.0.0
175 silly reify moves {}
176 verbose reify failed optional dependency /data/data/com.termux/files/usr/lib/node_modules/nodemon/node_modules/fsevents
177 silly reify mark deleted [
177 silly reify   '/data/data/com.termux/files/usr/lib/node_modules/nodemon/node_modules/fsevents'
177 silly reify ]
178 http cache nodemon@https://registry.npmjs.org/nodemon/-/nodemon-3.1.9.tgz 0ms (cache hit)
179 http cache has-flag@https://registry.npmjs.org/has-flag/-/has-flag-3.0.0.tgz 0ms (cache hit)
180 http cache concat-map@https://registry.npmjs.org/concat-map/-/concat-map-0.0.1.tgz 0ms (cache hit)
181 http cache balanced-match@https://registry.npmjs.org/balanced-match/-/balanced-match-1.0.2.tgz 0ms (cache hit)
182 http cache brace-expansion@https://registry.npmjs.org/brace-expansion/-/brace-expansion-1.1.11.tgz 0ms (cache hit)
183 http cache is-extglob@https://registry.npmjs.org/is-extglob/-/is-extglob-2.1.1.tgz 0ms (cache hit)
184 http cache is-number@https://registry.npmjs.org/is-number/-/is-number-7.0.0.tgz 0ms (cache hit)
185 http cache to-regex-range@https://registry.npmjs.org/to-regex-range/-/to-regex-range-5.0.1.tgz 0ms (cache hit)
186 http cache fill-range@https://registry.npmjs.org/fill-range/-/fill-range-7.1.1.tgz 0ms (cache hit)
187 http cache readdirp@https://registry.npmjs.org/readdirp/-/readdirp-3.6.0.tgz 0ms (cache hit)
188 http cache normalize-path@https://registry.npmjs.org/normalize-path/-/normalize-path-3.0.0.tgz 0ms (cache hit)
189 http cache picomatch@https://registry.npmjs.org/picomatch/-/picomatch-2.3.1.tgz 0ms (cache hit)
190 http cache is-glob@https://registry.npmjs.org/is-glob/-/is-glob-4.0.3.tgz 1ms (cache hit)
191 http cache binary-extensions@https://registry.npmjs.org/binary-extensions/-/binary-extensions-2.3.0.tgz 0ms (cache hit)
192 http cache ms@https://registry.npmjs.org/ms/-/ms-2.1.3.tgz 0ms (cache hit)
193 http cache is-binary-path@https://registry.npmjs.org/is-binary-path/-/is-binary-path-2.1.0.tgz 0ms (cache hit)
194 http cache anymatch@https://registry.npmjs.org/anymatch/-/anymatch-3.1.3.tgz 0ms (cache hit)
195 http cache undefsafe@https://registry.npmjs.org/undefsafe/-/undefsafe-2.0.5.tgz 0ms (cache hit)
196 http cache supports-color@https://registry.npmjs.org/supports-color/-/supports-color-5.5.0.tgz 0ms (cache hit)
197 http cache touch@https://registry.npmjs.org/touch/-/touch-3.1.1.tgz 0ms (cache hit)
198 http cache simple-update-notifier@https://registry.npmjs.org/simple-update-notifier/-/simple-update-notifier-2.0.0.tgz 0ms (cache hit)
199 http cache glob-parent@https://registry.npmjs.org/glob-parent/-/glob-parent-5.1.2.tgz 0ms (cache hit)
200 http cache braces@https://registry.npmjs.org/braces/-/braces-3.0.3.tgz 0ms (cache hit)
201 http cache semver@https://registry.npmjs.org/semver/-/semver-7.6.3.tgz 0ms (cache hit)
202 http cache ignore-by-default@https://registry.npmjs.org/ignore-by-default/-/ignore-by-default-1.0.1.tgz 0ms (cache hit)
203 http cache debug@https://registry.npmjs.org/debug/-/debug-4.4.0.tgz 0ms (cache hit)
204 http cache chokidar@https://registry.npmjs.org/chokidar/-/chokidar-3.6.0.tgz 0ms (cache hit)
205 http cache pstree.remy@https://registry.npmjs.org/pstree.remy/-/pstree.remy-1.1.8.tgz 0ms (cache hit)
206 http cache minimatch@https://registry.npmjs.org/minimatch/-/minimatch-3.1.2.tgz 0ms (cache hit)
207 silly tarball no local data for nodemon@https://registry.npmjs.org/nodemon/-/nodemon-3.1.9.tgz. Extracting by manifest.
208 silly tarball no local data for has-flag@https://registry.npmjs.org/has-flag/-/has-flag-3.0.0.tgz. Extracting by manifest.
209 silly tarball no local data for concat-map@https://registry.npmjs.org/concat-map/-/concat-map-0.0.1.tgz. Extracting by manifest.
210 silly tarball no local data for balanced-match@https://registry.npmjs.org/balanced-match/-/balanced-match-1.0.2.tgz. Extracting by manifest.
211 silly tarball no local data for brace-expansion@https://registry.npmjs.org/brace-expansion/-/brace-expansion-1.1.11.tgz. Extracting by manifest.
212 silly tarball no local data for is-extglob@https://registry.npmjs.org/is-extglob/-/is-extglob-2.1.1.tgz. Extracting by manifest.
213 silly tarball no local data for is-number@https://registry.npmjs.org/is-number/-/is-number-7.0.0.tgz. Extracting by manifest.
214 silly tarball no local data for to-regex-range@https://registry.npmjs.org/to-regex-range/-/to-regex-range-5.0.1.tgz. Extracting by manifest.
215 silly tarball no local data for fill-range@https://registry.npmjs.org/fill-range/-/fill-range-7.1.1.tgz. Extracting by manifest.
216 silly tarball no local data for readdirp@https://registry.npmjs.org/readdirp/-/readdirp-3.6.0.tgz. Extracting by manifest.
217 silly tarball no local data for normalize-path@https://registry.npmjs.org/normalize-path/-/normalize-path-3.0.0.tgz. Extracting by manifest.
218 silly tarball no local data for picomatch@https://registry.npmjs.org/picomatch/-/picomatch-2.3.1.tgz. Extracting by manifest.
219 silly tarball no local data for is-glob@https://registry.npmjs.org/is-glob/-/is-glob-4.0.3.tgz. Extracting by manifest.
220 silly tarball no local data for binary-extensions@https://registry.npmjs.org/binary-extensions/-/binary-extensions-2.3.0.tgz. Extracting by manifest.
221 silly tarball no local data for is-binary-path@https://registry.npmjs.org/is-binary-path/-/is-binary-path-2.1.0.tgz. Extracting by manifest.
222 silly tarball no local data for anymatch@https://registry.npmjs.org/anymatch/-/anymatch-3.1.3.tgz. Extracting by manifest.
223 silly tarball no local data for undefsafe@https://registry.npmjs.org/undefsafe/-/undefsafe-2.0.5.tgz. Extracting by manifest.
224 silly tarball no local data for supports-color@https://registry.npmjs.org/supports-color/-/supports-color-5.5.0.tgz. Extracting by manifest.
225 silly tarball no local data for touch@https://registry.npmjs.org/touch/-/touch-3.1.1.tgz. Extracting by manifest.
226 silly tarball no local data for simple-update-notifier@https://registry.npmjs.org/simple-update-notifier/-/simple-update-notifier-2.0.0.tgz. Extracting by manifest.
227 silly tarball no local data for glob-parent@https://registry.npmjs.org/glob-parent/-/glob-parent-5.1.2.tgz. Extracting by manifest.
228 silly tarball no local data for braces@https://registry.npmjs.org/braces/-/braces-3.0.3.tgz. Extracting by manifest.
229 silly tarball no local data for semver@https://registry.npmjs.org/semver/-/semver-7.6.3.tgz. Extracting by manifest.
230 silly tarball no local data for ignore-by-default@https://registry.npmjs.org/ignore-by-default/-/ignore-by-default-1.0.1.tgz. Extracting by manifest.
231 silly tarball no local data for debug@https://registry.npmjs.org/debug/-/debug-4.4.0.tgz. Extracting by manifest.
232 silly tarball no local data for chokidar@https://registry.npmjs.org/chokidar/-/chokidar-3.6.0.tgz. Extracting by manifest.
233 silly tarball no local data for minimatch@https://registry.npmjs.org/minimatch/-/minimatch-3.1.2.tgz. Extracting by manifest.
234 silly tarball no local data for pstree.remy@https://registry.npmjs.org/pstree.remy/-/pstree.remy-1.1.8.tgz. Extracting by manifest.
235 http fetch GET 200 https://registry.npmjs.org/has-flag/-/has-flag-3.0.0.tgz 479ms (cache miss)
236 http fetch GET 200 https://registry.npmjs.org/balanced-match/-/balanced-match-1.0.2.tgz 490ms (cache miss)
237 http fetch GET 200 https://registry.npmjs.org/concat-map/-/concat-map-0.0.1.tgz 493ms (cache miss)
238 http fetch GET 200 https://registry.npmjs.org/anymatch/-/anymatch-3.1.3.tgz 481ms (cache miss)
239 http fetch GET 200 https://registry.npmjs.org/brace-expansion/-/brace-expansion-1.1.11.tgz 497ms (cache miss)
240 http fetch GET 200 https://registry.npmjs.org/undefsafe/-/undefsafe-2.0.5.tgz 487ms (cache miss)
241 http fetch GET 200 https://registry.npmjs.org/simple-update-notifier/-/simple-update-notifier-2.0.0.tgz 485ms (cache miss)
242 http fetch GET 200 https://registry.npmjs.org/braces/-/braces-3.0.3.tgz 491ms (cache miss)
243 http fetch GET 200 https://registry.npmjs.org/debug/-/debug-4.4.0.tgz 495ms (cache miss)
244 http fetch GET 200 https://registry.npmjs.org/glob-parent/-/glob-parent-5.1.2.tgz 501ms (cache miss)
245 http fetch GET 200 https://registry.npmjs.org/supports-color/-/supports-color-5.5.0.tgz 509ms (cache miss)
246 http fetch GET 200 https://registry.npmjs.org/ignore-by-default/-/ignore-by-default-1.0.1.tgz 507ms (cache miss)
247 http fetch GET 200 https://registry.npmjs.org/is-binary-path/-/is-binary-path-2.1.0.tgz 515ms (cache miss)
248 http fetch GET 200 https://registry.npmjs.org/touch/-/touch-3.1.1.tgz 515ms (cache miss)
249 http fetch GET 200 https://registry.npmjs.org/normalize-path/-/normalize-path-3.0.0.tgz 530ms (cache miss)
250 http fetch GET 200 https://registry.npmjs.org/minimatch/-/minimatch-3.1.2.tgz 522ms (cache miss)
251 http fetch GET 200 https://registry.npmjs.org/is-glob/-/is-glob-4.0.3.tgz 535ms (cache miss)
252 http fetch GET 200 https://registry.npmjs.org/is-number/-/is-number-7.0.0.tgz 541ms (cache miss)
253 http fetch GET 200 https://registry.npmjs.org/pstree.remy/-/pstree.remy-1.1.8.tgz 525ms (cache miss)
254 http fetch GET 200 https://registry.npmjs.org/is-extglob/-/is-extglob-2.1.1.tgz 545ms (cache miss)
255 http fetch GET 200 https://registry.npmjs.org/readdirp/-/readdirp-3.6.0.tgz 543ms (cache miss)
256 http fetch GET 200 https://registry.npmjs.org/fill-range/-/fill-range-7.1.1.tgz 546ms (cache miss)
257 http fetch GET 200 https://registry.npmjs.org/to-regex-range/-/to-regex-range-5.0.1.tgz 549ms (cache miss)
258 http fetch GET 200 https://registry.npmjs.org/chokidar/-/chokidar-3.6.0.tgz 540ms (cache miss)
259 http fetch GET 200 https://registry.npmjs.org/binary-extensions/-/binary-extensions-2.3.0.tgz 591ms (cache miss)
260 http fetch GET 200 https://registry.npmjs.org/picomatch/-/picomatch-2.3.1.tgz 599ms (cache miss)
261 http fetch GET 200 https://registry.npmjs.org/semver/-/semver-7.6.3.tgz 594ms (cache miss)
262 http fetch GET 200 https://registry.npmjs.org/nodemon/-/nodemon-3.1.9.tgz 622ms (cache miss)
263 silly ADD node_modules/nodemon
264 silly ADD node_modules/nodemon/node_modules/is-number
265 silly ADD node_modules/nodemon/node_modules/has-flag
266 silly ADD node_modules/nodemon/node_modules/concat-map
267 silly ADD node_modules/nodemon/node_modules/balanced-match
268 silly ADD node_modules/nodemon/node_modules/brace-expansion
269 silly ADD node_modules/nodemon/node_modules/is-extglob
270 silly ADD node_modules/nodemon/node_modules/binary-extensions
271 silly ADD node_modules/nodemon/node_modules/to-regex-range
272 silly ADD node_modules/nodemon/node_modules/ms
273 silly ADD node_modules/nodemon/node_modules/fill-range
274 silly ADD node_modules/nodemon/node_modules/picomatch
275 silly ADD node_modules/nodemon/node_modules/readdirp
276 silly ADD node_modules/nodemon/node_modules/normalize-path
277 silly ADD node_modules/nodemon/node_modules/is-glob
278 silly ADD node_modules/nodemon/node_modules/is-binary-path
279 silly ADD node_modules/nodemon/node_modules/glob-parent
280 silly ADD
281 silly ADD node_modules/nodemon/node_modules/braces
282 silly ADD node_modules/nodemon/node_modules/anymatch
283 silly ADD node_modules/nodemon/node_modules/undefsafe
284 silly ADD node_modules/nodemon/node_modules/touch
285 silly ADD node_modules/nodemon/node_modules/supports-color
286 silly ADD node_modules/nodemon/node_modules/simple-update-notifier
287 silly ADD node_modules/nodemon/node_modules/semver
288 silly ADD node_modules/nodemon/node_modules/pstree.remy
289 silly ADD node_modules/nodemon/node_modules/minimatch
290 silly ADD node_modules/nodemon/node_modules/ignore-by-default
291 silly ADD node_modules/nodemon/node_modules/debug
292 silly ADD node_modules/nodemon/node_modules/chokidar
293 verbose cwd /data/data/com.termux/files/home
294 verbose os Linux 5.15.123-android13-8-00044-g5682afbff3e0-ab11501453
295 verbose node v23.6.1
296 verbose npm  v10.9.2
297 verbose exit 0
298 info ok
