0 verbose cli /data/data/com.termux/files/usr/bin/node /data/data/com.termux/files/usr/bin/npm
1 info using npm@10.9.2
2 info using node@v23.6.1
3 silly config load:file:/data/data/com.termux/files/usr/lib/node_modules/npm/npmrc
4 silly config load:file:/data/data/com.termux/files/home/.npmrc
5 silly config load:file:/data/data/com.termux/files/usr/etc/npmrc
6 verbose title npm i express
7 verbose argv "i" "express"
8 verbose logfile logs-max:10 dir:/data/data/com.termux/files/home/.npm/_logs/2025-01-22T18_18_30_571Z-
9 verbose logfile /data/data/com.termux/files/home/.npm/_logs/2025-01-22T18_18_30_571Z-debug-0.log
10 silly logfile done cleaning log files
11 silly packumentCache heap:1098907648 maxSize:274726912 maxEntrySize:137363456
12 silly idealTree buildDeps
13 silly fetch manifest express@*
14 silly packumentCache full:https://registry.npmjs.org/express cache-miss
15 http fetch GET 200 https://registry.npmjs.org/express 583ms (cache miss)
16 silly packumentCache full:https://registry.npmjs.org/express set size:undefined disposed:false
17 silly placeDep ROOT express@4.21.2 OK for: home@1.0.0 want: *
18 silly fetch manifest qs@6.13.0
19 silly packumentCache full:https://registry.npmjs.org/qs cache-miss
20 silly fetch manifest depd@2.0.0
21 silly packumentCache full:https://registry.npmjs.org/depd cache-miss
22 silly fetch manifest etag@~1.8.1
23 silly packumentCache full:https://registry.npmjs.org/etag cache-miss
24 silly fetch manifest send@0.19.0
25 silly packumentCache full:https://registry.npmjs.org/send cache-miss
26 silly fetch manifest vary@~1.1.2
27 silly packumentCache full:https://registry.npmjs.org/vary cache-miss
28 http fetch GET 200 https://registry.npmjs.org/qs 156ms (cache miss)
29 silly packumentCache full:https://registry.npmjs.org/qs set size:undefined disposed:false
30 silly fetch manifest debug@2.6.9
31 silly packumentCache full:https://registry.npmjs.org/debug cache-miss
32 http fetch GET 200 https://registry.npmjs.org/debug 96ms (cache miss)
33 silly packumentCache full:https://registry.npmjs.org/debug set size:undefined disposed:false
34 silly fetch manifest fresh@0.5.2
35 silly packumentCache full:https://registry.npmjs.org/fresh cache-miss
36 http fetch GET 200 https://registry.npmjs.org/depd 317ms (cache miss)
37 silly packumentCache full:https://registry.npmjs.org/depd set size:undefined disposed:false
38 silly fetch manifest cookie@0.7.1
39 silly packumentCache full:https://registry.npmjs.org/cookie cache-miss
40 http fetch GET 200 https://registry.npmjs.org/vary 340ms (cache miss)
41 silly packumentCache full:https://registry.npmjs.org/vary set size:undefined disposed:false
42 silly fetch manifest accepts@~1.3.8
43 silly packumentCache full:https://registry.npmjs.org/accepts cache-miss
44 http fetch GET 200 https://registry.npmjs.org/etag 355ms (cache miss)
45 silly packumentCache full:https://registry.npmjs.org/etag set size:undefined disposed:false
46 silly fetch manifest methods@~1.1.2
47 silly packumentCache full:https://registry.npmjs.org/methods cache-miss
48 http fetch GET 200 https://registry.npmjs.org/send 375ms (cache miss)
49 silly packumentCache full:https://registry.npmjs.org/send set size:undefined disposed:false
50 silly fetch manifest type-is@~1.6.18
51 silly packumentCache full:https://registry.npmjs.org/type-is cache-miss
52 http fetch GET 200 https://registry.npmjs.org/fresh 112ms (cache miss)
53 silly packumentCache full:https://registry.npmjs.org/fresh set size:undefined disposed:false
54 silly fetch manifest parseurl@~1.3.3
55 silly packumentCache full:https://registry.npmjs.org/parseurl cache-miss
56 http fetch GET 200 https://registry.npmjs.org/methods 100ms (cache miss)
57 silly packumentCache full:https://registry.npmjs.org/methods set size:undefined disposed:false
58 silly fetch manifest statuses@2.0.1
59 silly packumentCache full:https://registry.npmjs.org/statuses cache-miss
60 http fetch GET 200 https://registry.npmjs.org/accepts 132ms (cache miss)
61 silly packumentCache full:https://registry.npmjs.org/accepts set size:undefined disposed:false
62 silly fetch manifest encodeurl@~2.0.0
63 silly packumentCache full:https://registry.npmjs.org/encodeurl cache-miss
64 http fetch GET 200 https://registry.npmjs.org/cookie 168ms (cache miss)
65 silly packumentCache full:https://registry.npmjs.org/cookie set size:undefined disposed:false
66 silly fetch manifest proxy-addr@~2.0.7
67 silly packumentCache full:https://registry.npmjs.org/proxy-addr cache-miss
68 http fetch GET 200 https://registry.npmjs.org/parseurl 112ms (cache miss)
69 silly packumentCache full:https://registry.npmjs.org/parseurl set size:undefined disposed:false
70 silly fetch manifest body-parser@1.20.3
71 silly packumentCache full:https://registry.npmjs.org/body-parser cache-miss
72 http fetch GET 200 https://registry.npmjs.org/type-is 129ms (cache miss)
73 silly packumentCache full:https://registry.npmjs.org/type-is set size:undefined disposed:false
74 silly fetch manifest escape-html@~1.0.3
75 silly packumentCache full:https://registry.npmjs.org/escape-html cache-miss
76 http fetch GET 200 https://registry.npmjs.org/encodeurl 115ms (cache miss)
77 silly packumentCache full:https://registry.npmjs.org/encodeurl set size:undefined disposed:false
78 silly fetch manifest http-errors@2.0.0
79 silly packumentCache full:https://registry.npmjs.org/http-errors cache-miss
80 http fetch GET 200 https://registry.npmjs.org/statuses 137ms (cache miss)
81 silly packumentCache full:https://registry.npmjs.org/statuses set size:undefined disposed:false
82 silly fetch manifest on-finished@2.4.1
83 silly packumentCache full:https://registry.npmjs.org/on-finished cache-miss
84 http fetch GET 200 https://registry.npmjs.org/escape-html 98ms (cache miss)
85 silly packumentCache full:https://registry.npmjs.org/escape-html set size:undefined disposed:false
86 silly fetch manifest safe-buffer@5.2.1
87 silly packumentCache full:https://registry.npmjs.org/safe-buffer cache-miss
88 http fetch GET 200 https://registry.npmjs.org/proxy-addr 129ms (cache miss)
89 silly packumentCache full:https://registry.npmjs.org/proxy-addr set size:undefined disposed:false
90 silly fetch manifest utils-merge@1.0.1
91 silly packumentCache full:https://registry.npmjs.org/utils-merge cache-miss
92 http fetch GET 200 https://registry.npmjs.org/body-parser 120ms (cache miss)
93 silly packumentCache full:https://registry.npmjs.org/body-parser set size:undefined disposed:false
94 silly fetch manifest content-type@~1.0.4
95 silly packumentCache full:https://registry.npmjs.org/content-type cache-miss
96 http fetch GET 200 https://registry.npmjs.org/http-errors 101ms (cache miss)
97 silly packumentCache full:https://registry.npmjs.org/http-errors set size:undefined disposed:false
98 silly fetch manifest finalhandler@1.3.1
99 silly packumentCache full:https://registry.npmjs.org/finalhandler cache-miss
100 http fetch GET 200 https://registry.npmjs.org/on-finished 101ms (cache miss)
101 silly packumentCache full:https://registry.npmjs.org/on-finished set size:undefined disposed:false
102 silly fetch manifest range-parser@~1.2.1
103 silly packumentCache full:https://registry.npmjs.org/range-parser cache-miss
104 http fetch GET 200 https://registry.npmjs.org/utils-merge 92ms (cache miss)
105 silly packumentCache full:https://registry.npmjs.org/utils-merge set size:undefined disposed:false
106 silly fetch manifest serve-static@1.16.2
107 silly packumentCache full:https://registry.npmjs.org/serve-static cache-miss
108 http fetch GET 200 https://registry.npmjs.org/safe-buffer 106ms (cache miss)
109 silly packumentCache full:https://registry.npmjs.org/safe-buffer set size:undefined disposed:false
110 silly fetch manifest array-flatten@1.1.1
111 silly packumentCache full:https://registry.npmjs.org/array-flatten cache-miss
112 http fetch GET 200 https://registry.npmjs.org/content-type 97ms (cache miss)
113 silly packumentCache full:https://registry.npmjs.org/content-type set size:undefined disposed:false
114 silly fetch manifest path-to-regexp@0.1.12
115 silly packumentCache full:https://registry.npmjs.org/path-to-regexp cache-miss
116 http fetch GET 200 https://registry.npmjs.org/finalhandler 264ms (cache miss)
117 silly packumentCache full:https://registry.npmjs.org/finalhandler set size:undefined disposed:false
118 silly fetch manifest setprototypeof@1.2.0
119 silly packumentCache full:https://registry.npmjs.org/setprototypeof cache-miss
120 http fetch GET 200 https://registry.npmjs.org/range-parser 264ms (cache miss)
121 silly packumentCache full:https://registry.npmjs.org/range-parser set size:undefined disposed:false
122 silly fetch manifest cookie-signature@1.0.6
123 silly packumentCache full:https://registry.npmjs.org/cookie-signature cache-miss
124 http fetch GET 200 https://registry.npmjs.org/array-flatten 259ms (cache miss)
125 silly packumentCache full:https://registry.npmjs.org/array-flatten set size:undefined disposed:false
126 silly fetch manifest merge-descriptors@1.0.3
127 silly packumentCache full:https://registry.npmjs.org/merge-descriptors cache-miss
128 http fetch GET 200 https://registry.npmjs.org/serve-static 270ms (cache miss)
129 silly packumentCache full:https://registry.npmjs.org/serve-static set size:undefined disposed:false
130 silly fetch manifest content-disposition@0.5.4
131 silly packumentCache full:https://registry.npmjs.org/content-disposition cache-miss
132 http fetch GET 200 https://registry.npmjs.org/path-to-regexp 261ms (cache miss)
133 silly packumentCache full:https://registry.npmjs.org/path-to-regexp set size:undefined disposed:false
134 http fetch GET 200 https://registry.npmjs.org/cookie-signature 109ms (cache miss)
135 silly packumentCache full:https://registry.npmjs.org/cookie-signature set size:undefined disposed:false
136 http fetch GET 200 https://registry.npmjs.org/setprototypeof 116ms (cache miss)
137 silly packumentCache full:https://registry.npmjs.org/setprototypeof set size:undefined disposed:false
138 http fetch GET 200 https://registry.npmjs.org/merge-descriptors 107ms (cache miss)
139 silly packumentCache full:https://registry.npmjs.org/merge-descriptors set size:undefined disposed:false
140 http fetch GET 200 https://registry.npmjs.org/content-disposition 101ms (cache miss)
141 silly packumentCache full:https://registry.npmjs.org/content-disposition set size:undefined disposed:false
142 silly placeDep ROOT accepts@1.3.8 OK for: express@4.21.2 want: ~1.3.8
143 silly placeDep ROOT array-flatten@1.1.1 OK for: express@4.21.2 want: 1.1.1
144 silly placeDep ROOT body-parser@1.20.3 OK for: express@4.21.2 want: 1.20.3
145 silly placeDep ROOT content-disposition@0.5.4 OK for: express@4.21.2 want: 0.5.4
146 silly placeDep ROOT content-type@1.0.5 OK for: express@4.21.2 want: ~1.0.4
147 silly placeDep ROOT cookie@0.7.1 OK for: express@4.21.2 want: 0.7.1
148 silly placeDep ROOT cookie-signature@1.0.6 OK for: express@4.21.2 want: 1.0.6
149 silly placeDep ROOT debug@2.6.9 OK for: express@4.21.2 want: 2.6.9
150 silly placeDep ROOT depd@2.0.0 OK for: express@4.21.2 want: 2.0.0
151 silly placeDep ROOT encodeurl@2.0.0 OK for: express@4.21.2 want: ~2.0.0
152 silly placeDep ROOT escape-html@1.0.3 OK for: express@4.21.2 want: ~1.0.3
153 silly placeDep ROOT etag@1.8.1 OK for: express@4.21.2 want: ~1.8.1
154 silly placeDep ROOT finalhandler@1.3.1 OK for: express@4.21.2 want: 1.3.1
155 silly placeDep ROOT fresh@0.5.2 OK for: express@4.21.2 want: 0.5.2
156 silly placeDep ROOT http-errors@2.0.0 OK for: express@4.21.2 want: 2.0.0
157 silly placeDep ROOT merge-descriptors@1.0.3 OK for: express@4.21.2 want: 1.0.3
158 silly placeDep ROOT methods@1.1.2 OK for: express@4.21.2 want: ~1.1.2
159 silly placeDep ROOT on-finished@2.4.1 OK for: express@4.21.2 want: 2.4.1
160 silly placeDep ROOT parseurl@1.3.3 OK for: express@4.21.2 want: ~1.3.3
161 silly placeDep ROOT path-to-regexp@0.1.12 OK for: express@4.21.2 want: 0.1.12
162 silly placeDep ROOT proxy-addr@2.0.7 OK for: express@4.21.2 want: ~2.0.7
163 silly placeDep ROOT qs@6.13.0 OK for: express@4.21.2 want: 6.13.0
164 silly placeDep ROOT range-parser@1.2.1 OK for: express@4.21.2 want: ~1.2.1
165 silly placeDep ROOT safe-buffer@5.2.1 OK for: express@4.21.2 want: 5.2.1
166 silly placeDep ROOT send@0.19.0 OK for: express@4.21.2 want: 0.19.0
167 silly placeDep ROOT serve-static@1.16.2 OK for: express@4.21.2 want: 1.16.2
168 silly placeDep ROOT setprototypeof@1.2.0 OK for: express@4.21.2 want: 1.2.0
169 silly placeDep ROOT statuses@2.0.1 OK for: express@4.21.2 want: 2.0.1
170 silly placeDep ROOT type-is@1.6.18 OK for: express@4.21.2 want: ~1.6.18
171 silly placeDep ROOT utils-merge@1.0.1 OK for: express@4.21.2 want: 1.0.1
172 silly placeDep ROOT vary@1.1.2 OK for: express@4.21.2 want: ~1.1.2
173 silly fetch manifest mime-types@~2.1.34
174 silly packumentCache full:https://registry.npmjs.org/mime-types cache-miss
175 silly fetch manifest negotiator@0.6.3
176 silly packumentCache full:https://registry.npmjs.org/negotiator cache-miss
177 silly fetch manifest bytes@3.1.2
178 silly packumentCache full:https://registry.npmjs.org/bytes cache-miss
179 silly fetch manifest unpipe@1.0.0
180 silly packumentCache full:https://registry.npmjs.org/unpipe cache-miss
181 silly fetch manifest destroy@1.2.0
182 silly packumentCache full:https://registry.npmjs.org/destroy cache-miss
183 http fetch GET 200 https://registry.npmjs.org/bytes 113ms (cache miss)
184 silly packumentCache full:https://registry.npmjs.org/bytes set size:undefined disposed:false
185 silly fetch manifest raw-body@2.5.2
186 silly packumentCache full:https://registry.npmjs.org/raw-body cache-miss
187 http fetch GET 200 https://registry.npmjs.org/unpipe 117ms (cache miss)
188 silly packumentCache full:https://registry.npmjs.org/unpipe set size:undefined disposed:false
189 silly fetch manifest iconv-lite@0.4.24
190 silly packumentCache full:https://registry.npmjs.org/iconv-lite cache-miss
191 http fetch GET 200 https://registry.npmjs.org/destroy 118ms (cache miss)
192 silly packumentCache full:https://registry.npmjs.org/destroy set size:undefined disposed:false
193 silly fetch manifest content-type@~1.0.5
194 silly packumentCache full:https://registry.npmjs.org/content-type cache-miss
195 http fetch GET 200 https://registry.npmjs.org/negotiator 132ms (cache miss)
196 silly packumentCache full:https://registry.npmjs.org/negotiator set size:undefined disposed:false
197 silly fetch manifest ms@2.0.0
198 silly packumentCache full:https://registry.npmjs.org/ms cache-miss
199 http fetch GET 200 https://registry.npmjs.org/mime-types 140ms (cache miss)
200 silly packumentCache full:https://registry.npmjs.org/mime-types set size:undefined disposed:false
201 silly fetch manifest unpipe@~1.0.0
202 silly packumentCache full:https://registry.npmjs.org/unpipe cache-miss
203 http cache https://registry.npmjs.org/content-type 37ms (cache hit)
204 silly packumentCache full:https://registry.npmjs.org/content-type set size:17251 disposed:false
205 silly fetch manifest inherits@2.0.4
206 silly packumentCache full:https://registry.npmjs.org/inherits cache-miss
207 http cache https://registry.npmjs.org/unpipe 25ms (cache hit)
208 silly packumentCache full:https://registry.npmjs.org/unpipe set size:3537 disposed:false
209 silly fetch manifest toidentifier@1.0.1
210 silly packumentCache full:https://registry.npmjs.org/toidentifier cache-miss
211 http fetch GET 200 https://registry.npmjs.org/ms 92ms (cache miss)
212 silly packumentCache full:https://registry.npmjs.org/ms set size:undefined disposed:false
213 silly fetch manifest ee-first@1.1.1
214 silly packumentCache full:https://registry.npmjs.org/ee-first cache-miss
215 http fetch GET 200 https://registry.npmjs.org/iconv-lite 114ms (cache miss)
216 silly packumentCache full:https://registry.npmjs.org/iconv-lite set size:undefined disposed:false
217 silly fetch manifest forwarded@0.2.0
218 silly packumentCache full:https://registry.npmjs.org/forwarded cache-miss
219 http fetch GET 200 https://registry.npmjs.org/raw-body 131ms (cache miss)
220 silly packumentCache full:https://registry.npmjs.org/raw-body set size:undefined disposed:false
221 silly fetch manifest ipaddr.js@1.9.1
222 silly packumentCache full:https://registry.npmjs.org/ipaddr.js cache-miss
223 http fetch GET 200 https://registry.npmjs.org/inherits 99ms (cache miss)
224 silly packumentCache full:https://registry.npmjs.org/inherits set size:undefined disposed:false
225 silly fetch manifest side-channel@^1.0.6
226 silly packumentCache full:https://registry.npmjs.org/side-channel cache-miss
227 http fetch GET 200 https://registry.npmjs.org/toidentifier 99ms (cache miss)
228 silly packumentCache full:https://registry.npmjs.org/toidentifier set size:undefined disposed:false
229 silly fetch manifest ms@2.1.3
230 silly packumentCache full:https://registry.npmjs.org/ms cache-miss
231 http cache https://registry.npmjs.org/ms 8ms (cache hit)
232 silly packumentCache full:https://registry.npmjs.org/ms set size:84836 disposed:false
233 silly fetch manifest mime@1.6.0
234 silly packumentCache full:https://registry.npmjs.org/mime cache-miss
235 http fetch GET 200 https://registry.npmjs.org/forwarded 173ms (cache miss)
236 silly packumentCache full:https://registry.npmjs.org/forwarded set size:undefined disposed:false
237 silly fetch manifest encodeurl@~1.0.2
238 silly packumentCache full:https://registry.npmjs.org/encodeurl cache-miss
239 http fetch GET 200 https://registry.npmjs.org/side-channel 153ms (cache miss)
240 silly packumentCache full:https://registry.npmjs.org/side-channel set size:undefined disposed:false
241 silly fetch manifest mime-types@~2.1.24
242 silly packumentCache full:https://registry.npmjs.org/mime-types cache-miss
243 http fetch GET 200 https://registry.npmjs.org/mime 142ms (cache miss)
244 silly packumentCache full:https://registry.npmjs.org/mime set size:undefined disposed:false
245 silly fetch manifest media-typer@0.3.0
246 silly packumentCache full:https://registry.npmjs.org/media-typer cache-miss
247 http fetch GET 200 https://registry.npmjs.org/ipaddr.js 181ms (cache miss)
248 silly packumentCache full:https://registry.npmjs.org/ipaddr.js set size:undefined disposed:false
249 http cache https://registry.npmjs.org/encodeurl 32ms (cache hit)
250 silly packumentCache full:https://registry.npmjs.org/encodeurl set size:12296 disposed:false
251 http cache https://registry.npmjs.org/mime-types 28ms (cache hit)
252 silly packumentCache full:https://registry.npmjs.org/mime-types set size:129792 disposed:false
253 http fetch GET 200 https://registry.npmjs.org/media-typer 64ms (cache miss)
254 silly packumentCache full:https://registry.npmjs.org/media-typer set size:undefined disposed:false
255 http fetch GET 200 https://registry.npmjs.org/ee-first 341ms (cache miss)
256 silly packumentCache full:https://registry.npmjs.org/ee-first set size:undefined disposed:false
257 silly placeDep ROOT mime-types@2.1.35 OK for: accepts@1.3.8 want: ~2.1.34
258 silly placeDep ROOT negotiator@0.6.3 OK for: accepts@1.3.8 want: 0.6.3
259 silly fetch manifest mime-db@1.52.0
260 silly packumentCache full:https://registry.npmjs.org/mime-db cache-miss
261 http fetch GET 200 https://registry.npmjs.org/mime-db 84ms (cache miss)
262 silly packumentCache full:https://registry.npmjs.org/mime-db set size:undefined disposed:false
263 silly placeDep ROOT bytes@3.1.2 OK for: body-parser@1.20.3 want: 3.1.2
264 silly placeDep ROOT destroy@1.2.0 OK for: body-parser@1.20.3 want: 1.2.0
265 silly placeDep ROOT iconv-lite@0.4.24 OK for: body-parser@1.20.3 want: 0.4.24
266 silly placeDep ROOT raw-body@2.5.2 OK for: body-parser@1.20.3 want: 2.5.2
267 silly placeDep ROOT unpipe@1.0.0 OK for: body-parser@1.20.3 want: 1.0.0
268 silly fetch manifest safer-buffer@>= 2.1.2 < 3
269 silly packumentCache full:https://registry.npmjs.org/safer-buffer cache-miss
270 http fetch GET 200 https://registry.npmjs.org/safer-buffer 93ms (cache miss)
271 silly packumentCache full:https://registry.npmjs.org/safer-buffer set size:undefined disposed:false
272 silly placeDep ROOT ms@2.0.0 OK for: debug@2.6.9 want: 2.0.0
273 silly placeDep ROOT inherits@2.0.4 OK for: http-errors@2.0.0 want: 2.0.4
274 silly placeDep ROOT toidentifier@1.0.1 OK for: http-errors@2.0.0 want: 1.0.1
275 silly placeDep ROOT safer-buffer@2.1.2 OK for: iconv-lite@0.4.24 want: >= 2.1.2 < 3
276 silly placeDep ROOT mime-db@1.52.0 OK for: mime-types@2.1.35 want: 1.52.0
277 silly placeDep ROOT ee-first@1.1.1 OK for: on-finished@2.4.1 want: 1.1.1
278 silly placeDep ROOT forwarded@0.2.0 OK for: proxy-addr@2.0.7 want: 0.2.0
279 silly placeDep ROOT ipaddr.js@1.9.1 OK for: proxy-addr@2.0.7 want: 1.9.1
280 silly placeDep ROOT side-channel@1.1.0 OK for: qs@6.13.0 want: ^1.0.6
281 silly fetch manifest es-errors@^1.3.0
282 silly packumentCache full:https://registry.npmjs.org/es-errors cache-miss
283 silly fetch manifest object-inspect@^1.13.3
284 silly packumentCache full:https://registry.npmjs.org/object-inspect cache-miss
285 silly fetch manifest side-channel-list@^1.0.0
286 silly packumentCache full:https://registry.npmjs.org/side-channel-list cache-miss
287 silly fetch manifest side-channel-map@^1.0.1
288 silly packumentCache full:https://registry.npmjs.org/side-channel-map cache-miss
289 silly fetch manifest side-channel-weakmap@^1.0.2
290 silly packumentCache full:https://registry.npmjs.org/side-channel-weakmap cache-miss
291 http fetch GET 200 https://registry.npmjs.org/es-errors 96ms (cache miss)
292 silly packumentCache full:https://registry.npmjs.org/es-errors set size:undefined disposed:false
293 http fetch GET 200 https://registry.npmjs.org/side-channel-list 96ms (cache miss)
294 silly packumentCache full:https://registry.npmjs.org/side-channel-list set size:undefined disposed:false
295 http fetch GET 200 https://registry.npmjs.org/side-channel-map 98ms (cache miss)
296 silly packumentCache full:https://registry.npmjs.org/side-channel-map set size:undefined disposed:false
297 http fetch GET 200 https://registry.npmjs.org/side-channel-weakmap 99ms (cache miss)
298 silly packumentCache full:https://registry.npmjs.org/side-channel-weakmap set size:undefined disposed:false
299 http fetch GET 200 https://registry.npmjs.org/object-inspect 103ms (cache miss)
300 silly packumentCache full:https://registry.npmjs.org/object-inspect set size:undefined disposed:false
301 silly placeDep node_modules/send encodeurl@1.0.2 OK for: send@0.19.0 want: ~1.0.2
302 silly placeDep ROOT mime@1.6.0 OK for: send@0.19.0 want: 1.6.0
303 silly placeDep node_modules/send ms@2.1.3 OK for: send@0.19.0 want: 2.1.3
304 silly placeDep ROOT es-errors@1.3.0 OK for: side-channel@1.1.0 want: ^1.3.0
305 silly placeDep ROOT object-inspect@1.13.3 OK for: side-channel@1.1.0 want: ^1.13.3
306 silly placeDep ROOT side-channel-list@1.0.0 OK for: side-channel@1.1.0 want: ^1.0.0
307 silly placeDep ROOT side-channel-map@1.0.1 OK for: side-channel@1.1.0 want: ^1.0.1
308 silly placeDep ROOT side-channel-weakmap@1.0.2 OK for: side-channel@1.1.0 want: ^1.0.2
309 silly fetch manifest call-bound@^1.0.2
310 silly packumentCache full:https://registry.npmjs.org/call-bound cache-miss
311 silly fetch manifest get-intrinsic@^1.2.5
312 silly packumentCache full:https://registry.npmjs.org/get-intrinsic cache-miss
313 silly fetch manifest call-bound@^1.0.2
314 silly packumentCache full:https://registry.npmjs.org/call-bound cache-miss
315 silly fetch manifest get-intrinsic@^1.2.5
316 silly packumentCache full:https://registry.npmjs.org/get-intrinsic cache-miss
317 http fetch GET 200 https://registry.npmjs.org/call-bound 150ms (cache miss)
318 silly packumentCache full:https://registry.npmjs.org/call-bound set size:undefined disposed:false
319 http fetch GET 200 https://registry.npmjs.org/call-bound 161ms (cache miss)
320 silly packumentCache full:https://registry.npmjs.org/call-bound set size:undefined disposed:false
321 http fetch GET 200 https://registry.npmjs.org/get-intrinsic 167ms (cache miss)
322 silly packumentCache full:https://registry.npmjs.org/get-intrinsic set size:undefined disposed:false
323 http fetch GET 200 https://registry.npmjs.org/get-intrinsic 181ms (cache miss)
324 silly packumentCache full:https://registry.npmjs.org/get-intrinsic set size:undefined disposed:false
325 silly placeDep ROOT call-bound@1.0.3 OK for: side-channel-map@1.0.1 want: ^1.0.2
326 silly placeDep ROOT get-intrinsic@1.2.7 OK for: side-channel-map@1.0.1 want: ^1.2.5
327 silly fetch manifest call-bind-apply-helpers@^1.0.1
328 silly packumentCache full:https://registry.npmjs.org/call-bind-apply-helpers cache-miss
329 silly fetch manifest get-intrinsic@^1.2.6
330 silly packumentCache full:https://registry.npmjs.org/get-intrinsic cache-miss
331 silly fetch manifest call-bind-apply-helpers@^1.0.1
332 silly packumentCache full:https://registry.npmjs.org/call-bind-apply-helpers cache-miss
333 silly fetch manifest es-define-property@^1.0.1
334 silly packumentCache full:https://registry.npmjs.org/es-define-property cache-miss
335 silly fetch manifest es-object-atoms@^1.0.0
336 silly packumentCache full:https://registry.npmjs.org/es-object-atoms cache-miss
337 http cache https://registry.npmjs.org/get-intrinsic 20ms (cache hit)
338 silly packumentCache full:https://registry.npmjs.org/get-intrinsic set size:54483 disposed:false
339 silly fetch manifest function-bind@^1.1.2
340 silly packumentCache full:https://registry.npmjs.org/function-bind cache-miss
341 http fetch GET 200 https://registry.npmjs.org/es-object-atoms 96ms (cache miss)
342 silly packumentCache full:https://registry.npmjs.org/es-object-atoms set size:undefined disposed:false
343 silly fetch manifest get-proto@^1.0.0
344 silly packumentCache full:https://registry.npmjs.org/get-proto cache-miss
345 http fetch GET 200 https://registry.npmjs.org/call-bind-apply-helpers 108ms (cache miss)
346 silly packumentCache full:https://registry.npmjs.org/call-bind-apply-helpers set size:undefined disposed:false
347 silly fetch manifest gopd@^1.2.0
348 silly packumentCache full:https://registry.npmjs.org/gopd cache-miss
349 http fetch GET 200 https://registry.npmjs.org/call-bind-apply-helpers 112ms (cache miss)
350 silly packumentCache full:https://registry.npmjs.org/call-bind-apply-helpers set size:undefined disposed:false
351 silly fetch manifest has-symbols@^1.1.0
352 silly packumentCache full:https://registry.npmjs.org/has-symbols cache-miss
353 http fetch GET 200 https://registry.npmjs.org/es-define-property 118ms (cache miss)
354 silly packumentCache full:https://registry.npmjs.org/es-define-property set size:undefined disposed:false
355 silly fetch manifest hasown@^2.0.2
356 silly packumentCache full:https://registry.npmjs.org/hasown cache-miss
357 http fetch GET 200 https://registry.npmjs.org/function-bind 110ms (cache miss)
358 silly packumentCache full:https://registry.npmjs.org/function-bind set size:undefined disposed:false
359 silly fetch manifest math-intrinsics@^1.1.0
360 silly packumentCache full:https://registry.npmjs.org/math-intrinsics cache-miss
361 http fetch GET 200 https://registry.npmjs.org/get-proto 102ms (cache miss)
362 silly packumentCache full:https://registry.npmjs.org/get-proto set size:undefined disposed:false
363 http fetch GET 200 https://registry.npmjs.org/gopd 96ms (cache miss)
364 silly packumentCache full:https://registry.npmjs.org/gopd set size:undefined disposed:false
365 http fetch GET 200 https://registry.npmjs.org/hasown 88ms (cache miss)
366 silly packumentCache full:https://registry.npmjs.org/hasown set size:undefined disposed:false
367 http fetch GET 200 https://registry.npmjs.org/has-symbols 98ms (cache miss)
368 silly packumentCache full:https://registry.npmjs.org/has-symbols set size:undefined disposed:false
369 http fetch GET 200 https://registry.npmjs.org/math-intrinsics 81ms (cache miss)
370 silly packumentCache full:https://registry.npmjs.org/math-intrinsics set size:undefined disposed:false
371 silly placeDep ROOT call-bind-apply-helpers@1.0.1 OK for: call-bound@1.0.3 want: ^1.0.1
372 silly placeDep ROOT function-bind@1.1.2 OK for: call-bind-apply-helpers@1.0.1 want: ^1.1.2
373 silly placeDep ROOT es-define-property@1.0.1 OK for: get-intrinsic@1.2.7 want: ^1.0.1
374 silly placeDep ROOT es-object-atoms@1.1.1 OK for: get-intrinsic@1.2.7 want: ^1.0.0
375 silly placeDep ROOT get-proto@1.0.1 OK for: get-intrinsic@1.2.7 want: ^1.0.0
376 silly placeDep ROOT gopd@1.2.0 OK for: get-intrinsic@1.2.7 want: ^1.2.0
377 silly placeDep ROOT has-symbols@1.1.0 OK for: get-intrinsic@1.2.7 want: ^1.1.0
378 silly placeDep ROOT hasown@2.0.2 OK for: get-intrinsic@1.2.7 want: ^2.0.2
379 silly placeDep ROOT math-intrinsics@1.1.0 OK for: get-intrinsic@1.2.7 want: ^1.1.0
380 silly fetch manifest dunder-proto@^1.0.1
381 silly packumentCache full:https://registry.npmjs.org/dunder-proto cache-miss
382 http fetch GET 200 https://registry.npmjs.org/dunder-proto 77ms (cache miss)
383 silly packumentCache full:https://registry.npmjs.org/dunder-proto set size:undefined disposed:false
384 silly placeDep ROOT dunder-proto@1.0.1 OK for: get-proto@1.0.1 want: ^1.0.1
385 silly placeDep ROOT media-typer@0.3.0 OK for: type-is@1.6.18 want: 0.3.0
386 silly reify moves {}
387 silly audit bulk request {
387 silly audit   express: [ '4.21.2' ],
387 silly audit   accepts: [ '1.3.8' ],
387 silly audit   'array-flatten': [ '1.1.1' ],
387 silly audit   'body-parser': [ '1.20.3' ],
387 silly audit   'content-disposition': [ '0.5.4' ],
387 silly audit   'content-type': [ '1.0.5' ],
387 silly audit   cookie: [ '0.7.1' ],
387 silly audit   'cookie-signature': [ '1.0.6' ],
387 silly audit   debug: [ '2.6.9' ],
387 silly audit   depd: [ '2.0.0' ],
387 silly audit   encodeurl: [ '2.0.0', '1.0.2' ],
387 silly audit   'escape-html': [ '1.0.3' ],
387 silly audit   etag: [ '1.8.1' ],
387 silly audit   finalhandler: [ '1.3.1' ],
387 silly audit   fresh: [ '0.5.2' ],
387 silly audit   'http-errors': [ '2.0.0' ],
387 silly audit   'merge-descriptors': [ '1.0.3' ],
387 silly audit   methods: [ '1.1.2' ],
387 silly audit   'on-finished': [ '2.4.1' ],
387 silly audit   parseurl: [ '1.3.3' ],
387 silly audit   'path-to-regexp': [ '0.1.12' ],
387 silly audit   'proxy-addr': [ '2.0.7' ],
387 silly audit   qs: [ '6.13.0' ],
387 silly audit   'range-parser': [ '1.2.1' ],
387 silly audit   'safe-buffer': [ '5.2.1' ],
387 silly audit   send: [ '0.19.0' ],
387 silly audit   'serve-static': [ '1.16.2' ],
387 silly audit   setprototypeof: [ '1.2.0' ],
387 silly audit   statuses: [ '2.0.1' ],
387 silly audit   'type-is': [ '1.6.18' ],
387 silly audit   'utils-merge': [ '1.0.1' ],
387 silly audit   vary: [ '1.1.2' ],
387 silly audit   'mime-types': [ '2.1.35' ],
387 silly audit   negotiator: [ '0.6.3' ],
387 silly audit   bytes: [ '3.1.2' ],
387 silly audit   destroy: [ '1.2.0' ],
387 silly audit   'iconv-lite': [ '0.4.24' ],
387 silly audit   'raw-body': [ '2.5.2' ],
387 silly audit   unpipe: [ '1.0.0' ],
387 silly audit   ms: [ '2.0.0', '2.1.3' ],
387 silly audit   inherits: [ '2.0.4' ],
387 silly audit   toidentifier: [ '1.0.1' ],
387 silly audit   'safer-buffer': [ '2.1.2' ],
387 silly audit   'mime-db': [ '1.52.0' ],
387 silly audit   'ee-first': [ '1.1.1' ],
387 silly audit   forwarded: [ '0.2.0' ],
387 silly audit   'ipaddr.js': [ '1.9.1' ],
387 silly audit   'side-channel': [ '1.1.0' ],
387 silly audit   mime: [ '1.6.0' ],
387 silly audit   'es-errors': [ '1.3.0' ],
387 silly audit   'object-inspect': [ '1.13.3' ],
387 silly audit   'side-channel-list': [ '1.0.0' ],
387 silly audit   'side-channel-map': [ '1.0.1' ],
387 silly audit   'side-channel-weakmap': [ '1.0.2' ],
387 silly audit   'call-bound': [ '1.0.3' ],
387 silly audit   'get-intrinsic': [ '1.2.7' ],
387 silly audit   'call-bind-apply-helpers': [ '1.0.1' ],
387 silly audit   'function-bind': [ '1.1.2' ],
387 silly audit   'es-define-property': [ '1.0.1' ],
387 silly audit   'es-object-atoms': [ '1.1.1' ],
387 silly audit   'get-proto': [ '1.0.1' ],
387 silly audit   gopd: [ '1.2.0' ],
387 silly audit   'has-symbols': [ '1.1.0' ],
387 silly audit   hasown: [ '2.0.2' ],
387 silly audit   'math-intrinsics': [ '1.1.0' ],
387 silly audit   'dunder-proto': [ '1.0.1' ],
387 silly audit   'media-typer': [ '0.3.0' ]
387 silly audit }
388 http cache media-typer@https://registry.npmjs.org/media-typer/-/media-typer-0.3.0.tgz 0ms (cache hit)
389 http cache dunder-proto@https://registry.npmjs.org/dunder-proto/-/dunder-proto-1.0.1.tgz 0ms (cache hit)
390 http cache math-intrinsics@https://registry.npmjs.org/math-intrinsics/-/math-intrinsics-1.1.0.tgz 0ms (cache hit)
391 http cache hasown@https://registry.npmjs.org/hasown/-/hasown-2.0.2.tgz 0ms (cache hit)
392 http cache has-symbols@https://registry.npmjs.org/has-symbols/-/has-symbols-1.1.0.tgz 0ms (cache hit)
393 http cache gopd@https://registry.npmjs.org/gopd/-/gopd-1.2.0.tgz 0ms (cache hit)
394 http cache get-proto@https://registry.npmjs.org/get-proto/-/get-proto-1.0.1.tgz 0ms (cache hit)
395 http cache es-object-atoms@https://registry.npmjs.org/es-object-atoms/-/es-object-atoms-1.1.1.tgz 0ms (cache hit)
396 http cache es-define-property@https://registry.npmjs.org/es-define-property/-/es-define-property-1.0.1.tgz 0ms (cache hit)
397 http cache function-bind@https://registry.npmjs.org/function-bind/-/function-bind-1.1.2.tgz 0ms (cache hit)
398 http cache get-intrinsic@https://registry.npmjs.org/get-intrinsic/-/get-intrinsic-1.2.7.tgz 0ms (cache hit)
399 http cache call-bind-apply-helpers@https://registry.npmjs.org/call-bind-apply-helpers/-/call-bind-apply-helpers-1.0.1.tgz 0ms (cache hit)
400 http cache call-bound@https://registry.npmjs.org/call-bound/-/call-bound-1.0.3.tgz 0ms (cache hit)
401 http cache side-channel-weakmap@https://registry.npmjs.org/side-channel-weakmap/-/side-channel-weakmap-1.0.2.tgz 0ms (cache hit)
402 http cache side-channel-map@https://registry.npmjs.org/side-channel-map/-/side-channel-map-1.0.1.tgz 0ms (cache hit)
403 http cache side-channel-list@https://registry.npmjs.org/side-channel-list/-/side-channel-list-1.0.0.tgz 0ms (cache hit)
404 http cache object-inspect@https://registry.npmjs.org/object-inspect/-/object-inspect-1.13.3.tgz 0ms (cache hit)
405 http cache mime@https://registry.npmjs.org/mime/-/mime-1.6.0.tgz 0ms (cache hit)
406 http cache es-errors@https://registry.npmjs.org/es-errors/-/es-errors-1.3.0.tgz 0ms (cache hit)
407 http cache side-channel@https://registry.npmjs.org/side-channel/-/side-channel-1.1.0.tgz 0ms (cache hit)
408 http cache ipaddr.js@https://registry.npmjs.org/ipaddr.js/-/ipaddr.js-1.9.1.tgz 0ms (cache hit)
409 http cache forwarded@https://registry.npmjs.org/forwarded/-/forwarded-0.2.0.tgz 0ms (cache hit)
410 http cache mime-db@https://registry.npmjs.org/mime-db/-/mime-db-1.52.0.tgz 0ms (cache hit)
411 http cache ee-first@https://registry.npmjs.org/ee-first/-/ee-first-1.1.1.tgz 0ms (cache hit)
412 http cache safer-buffer@https://registry.npmjs.org/safer-buffer/-/safer-buffer-2.1.2.tgz 0ms (cache hit)
413 http cache toidentifier@https://registry.npmjs.org/toidentifier/-/toidentifier-1.0.1.tgz 0ms (cache hit)
414 http cache inherits@https://registry.npmjs.org/inherits/-/inherits-2.0.4.tgz 0ms (cache hit)
415 http cache ms@https://registry.npmjs.org/ms/-/ms-2.0.0.tgz 0ms (cache hit)
416 http cache unpipe@https://registry.npmjs.org/unpipe/-/unpipe-1.0.0.tgz 0ms (cache hit)
417 http cache raw-body@https://registry.npmjs.org/raw-body/-/raw-body-2.5.2.tgz 0ms (cache hit)
418 http cache iconv-lite@https://registry.npmjs.org/iconv-lite/-/iconv-lite-0.4.24.tgz 0ms (cache hit)
419 http cache destroy@https://registry.npmjs.org/destroy/-/destroy-1.2.0.tgz 0ms (cache hit)
420 http cache bytes@https://registry.npmjs.org/bytes/-/bytes-3.1.2.tgz 0ms (cache hit)
421 http cache negotiator@https://registry.npmjs.org/negotiator/-/negotiator-0.6.3.tgz 0ms (cache hit)
422 http cache mime-types@https://registry.npmjs.org/mime-types/-/mime-types-2.1.35.tgz 0ms (cache hit)
423 http cache vary@https://registry.npmjs.org/vary/-/vary-1.1.2.tgz 0ms (cache hit)
424 http cache utils-merge@https://registry.npmjs.org/utils-merge/-/utils-merge-1.0.1.tgz 0ms (cache hit)
425 http cache type-is@https://registry.npmjs.org/type-is/-/type-is-1.6.18.tgz 0ms (cache hit)
426 http cache statuses@https://registry.npmjs.org/statuses/-/statuses-2.0.1.tgz 0ms (cache hit)
427 http cache setprototypeof@https://registry.npmjs.org/setprototypeof/-/setprototypeof-1.2.0.tgz 0ms (cache hit)
428 http cache serve-static@https://registry.npmjs.org/serve-static/-/serve-static-1.16.2.tgz 0ms (cache hit)
429 http cache send@https://registry.npmjs.org/send/-/send-0.19.0.tgz 0ms (cache hit)
430 http cache safe-buffer@https://registry.npmjs.org/safe-buffer/-/safe-buffer-5.2.1.tgz 0ms (cache hit)
431 http cache range-parser@https://registry.npmjs.org/range-parser/-/range-parser-1.2.1.tgz 0ms (cache hit)
432 http cache qs@https://registry.npmjs.org/qs/-/qs-6.13.0.tgz 0ms (cache hit)
433 http cache proxy-addr@https://registry.npmjs.org/proxy-addr/-/proxy-addr-2.0.7.tgz 0ms (cache hit)
434 http cache path-to-regexp@https://registry.npmjs.org/path-to-regexp/-/path-to-regexp-0.1.12.tgz 0ms (cache hit)
435 http cache parseurl@https://registry.npmjs.org/parseurl/-/parseurl-1.3.3.tgz 0ms (cache hit)
436 http cache on-finished@https://registry.npmjs.org/on-finished/-/on-finished-2.4.1.tgz 0ms (cache hit)
437 http cache methods@https://registry.npmjs.org/methods/-/methods-1.1.2.tgz 0ms (cache hit)
438 http cache merge-descriptors@https://registry.npmjs.org/merge-descriptors/-/merge-descriptors-1.0.3.tgz 0ms (cache hit)
439 http cache http-errors@https://registry.npmjs.org/http-errors/-/http-errors-2.0.0.tgz 0ms (cache hit)
440 http cache fresh@https://registry.npmjs.org/fresh/-/fresh-0.5.2.tgz 0ms (cache hit)
441 http cache finalhandler@https://registry.npmjs.org/finalhandler/-/finalhandler-1.3.1.tgz 0ms (cache hit)
442 http cache etag@https://registry.npmjs.org/etag/-/etag-1.8.1.tgz 0ms (cache hit)
443 http cache escape-html@https://registry.npmjs.org/escape-html/-/escape-html-1.0.3.tgz 0ms (cache hit)
444 http cache encodeurl@https://registry.npmjs.org/encodeurl/-/encodeurl-2.0.0.tgz 0ms (cache hit)
445 http cache depd@https://registry.npmjs.org/depd/-/depd-2.0.0.tgz 0ms (cache hit)
446 http cache debug@https://registry.npmjs.org/debug/-/debug-2.6.9.tgz 0ms (cache hit)
447 http cache cookie-signature@https://registry.npmjs.org/cookie-signature/-/cookie-signature-1.0.6.tgz 0ms (cache hit)
448 http cache cookie@https://registry.npmjs.org/cookie/-/cookie-0.7.1.tgz 1ms (cache hit)
449 http cache content-type@https://registry.npmjs.org/content-type/-/content-type-1.0.5.tgz 0ms (cache hit)
450 http cache content-disposition@https://registry.npmjs.org/content-disposition/-/content-disposition-0.5.4.tgz 0ms (cache hit)
451 http cache body-parser@https://registry.npmjs.org/body-parser/-/body-parser-1.20.3.tgz 0ms (cache hit)
452 http cache array-flatten@https://registry.npmjs.org/array-flatten/-/array-flatten-1.1.1.tgz 0ms (cache hit)
453 http cache accepts@https://registry.npmjs.org/accepts/-/accepts-1.3.8.tgz 0ms (cache hit)
454 http cache express@https://registry.npmjs.org/express/-/express-4.21.2.tgz 0ms (cache hit)
455 http cache ms@https://registry.npmjs.org/ms/-/ms-2.1.3.tgz 0ms (cache hit)
456 http cache encodeurl@https://registry.npmjs.org/encodeurl/-/encodeurl-1.0.2.tgz 0ms (cache hit)
457 silly tarball no local data for media-typer@https://registry.npmjs.org/media-typer/-/media-typer-0.3.0.tgz. Extracting by manifest.
458 silly tarball no local data for dunder-proto@https://registry.npmjs.org/dunder-proto/-/dunder-proto-1.0.1.tgz. Extracting by manifest.
459 silly tarball no local data for math-intrinsics@https://registry.npmjs.org/math-intrinsics/-/math-intrinsics-1.1.0.tgz. Extracting by manifest.
460 silly tarball no local data for hasown@https://registry.npmjs.org/hasown/-/hasown-2.0.2.tgz. Extracting by manifest.
461 silly tarball no local data for has-symbols@https://registry.npmjs.org/has-symbols/-/has-symbols-1.1.0.tgz. Extracting by manifest.
462 silly tarball no local data for gopd@https://registry.npmjs.org/gopd/-/gopd-1.2.0.tgz. Extracting by manifest.
463 silly tarball no local data for get-proto@https://registry.npmjs.org/get-proto/-/get-proto-1.0.1.tgz. Extracting by manifest.
464 silly tarball no local data for es-object-atoms@https://registry.npmjs.org/es-object-atoms/-/es-object-atoms-1.1.1.tgz. Extracting by manifest.
465 silly tarball no local data for es-define-property@https://registry.npmjs.org/es-define-property/-/es-define-property-1.0.1.tgz. Extracting by manifest.
466 silly tarball no local data for function-bind@https://registry.npmjs.org/function-bind/-/function-bind-1.1.2.tgz. Extracting by manifest.
467 silly tarball no local data for get-intrinsic@https://registry.npmjs.org/get-intrinsic/-/get-intrinsic-1.2.7.tgz. Extracting by manifest.
468 silly tarball no local data for call-bind-apply-helpers@https://registry.npmjs.org/call-bind-apply-helpers/-/call-bind-apply-helpers-1.0.1.tgz. Extracting by manifest.
469 silly tarball no local data for call-bound@https://registry.npmjs.org/call-bound/-/call-bound-1.0.3.tgz. Extracting by manifest.
470 silly tarball no local data for side-channel-weakmap@https://registry.npmjs.org/side-channel-weakmap/-/side-channel-weakmap-1.0.2.tgz. Extracting by manifest.
471 silly tarball no local data for side-channel-map@https://registry.npmjs.org/side-channel-map/-/side-channel-map-1.0.1.tgz. Extracting by manifest.
472 silly tarball no local data for side-channel-list@https://registry.npmjs.org/side-channel-list/-/side-channel-list-1.0.0.tgz. Extracting by manifest.
473 silly tarball no local data for object-inspect@https://registry.npmjs.org/object-inspect/-/object-inspect-1.13.3.tgz. Extracting by manifest.
474 silly tarball no local data for mime@https://registry.npmjs.org/mime/-/mime-1.6.0.tgz. Extracting by manifest.
475 silly tarball no local data for es-errors@https://registry.npmjs.org/es-errors/-/es-errors-1.3.0.tgz. Extracting by manifest.
476 silly tarball no local data for side-channel@https://registry.npmjs.org/side-channel/-/side-channel-1.1.0.tgz. Extracting by manifest.
477 silly tarball no local data for ipaddr.js@https://registry.npmjs.org/ipaddr.js/-/ipaddr.js-1.9.1.tgz. Extracting by manifest.
478 silly tarball no local data for forwarded@https://registry.npmjs.org/forwarded/-/forwarded-0.2.0.tgz. Extracting by manifest.
479 silly tarball no local data for mime-db@https://registry.npmjs.org/mime-db/-/mime-db-1.52.0.tgz. Extracting by manifest.
480 silly tarball no local data for ee-first@https://registry.npmjs.org/ee-first/-/ee-first-1.1.1.tgz. Extracting by manifest.
481 silly tarball no local data for safer-buffer@https://registry.npmjs.org/safer-buffer/-/safer-buffer-2.1.2.tgz. Extracting by manifest.
482 silly tarball no local data for toidentifier@https://registry.npmjs.org/toidentifier/-/toidentifier-1.0.1.tgz. Extracting by manifest.
483 silly tarball no local data for inherits@https://registry.npmjs.org/inherits/-/inherits-2.0.4.tgz. Extracting by manifest.
484 silly tarball no local data for ms@https://registry.npmjs.org/ms/-/ms-2.0.0.tgz. Extracting by manifest.
485 silly tarball no local data for unpipe@https://registry.npmjs.org/unpipe/-/unpipe-1.0.0.tgz. Extracting by manifest.
486 silly tarball no local data for raw-body@https://registry.npmjs.org/raw-body/-/raw-body-2.5.2.tgz. Extracting by manifest.
487 silly tarball no local data for iconv-lite@https://registry.npmjs.org/iconv-lite/-/iconv-lite-0.4.24.tgz. Extracting by manifest.
488 silly tarball no local data for destroy@https://registry.npmjs.org/destroy/-/destroy-1.2.0.tgz. Extracting by manifest.
489 silly tarball no local data for bytes@https://registry.npmjs.org/bytes/-/bytes-3.1.2.tgz. Extracting by manifest.
490 silly tarball no local data for negotiator@https://registry.npmjs.org/negotiator/-/negotiator-0.6.3.tgz. Extracting by manifest.
491 silly tarball no local data for mime-types@https://registry.npmjs.org/mime-types/-/mime-types-2.1.35.tgz. Extracting by manifest.
492 silly tarball no local data for vary@https://registry.npmjs.org/vary/-/vary-1.1.2.tgz. Extracting by manifest.
493 silly tarball no local data for utils-merge@https://registry.npmjs.org/utils-merge/-/utils-merge-1.0.1.tgz. Extracting by manifest.
494 silly tarball no local data for type-is@https://registry.npmjs.org/type-is/-/type-is-1.6.18.tgz. Extracting by manifest.
495 silly tarball no local data for statuses@https://registry.npmjs.org/statuses/-/statuses-2.0.1.tgz. Extracting by manifest.
496 silly tarball no local data for setprototypeof@https://registry.npmjs.org/setprototypeof/-/setprototypeof-1.2.0.tgz. Extracting by manifest.
497 silly tarball no local data for serve-static@https://registry.npmjs.org/serve-static/-/serve-static-1.16.2.tgz. Extracting by manifest.
498 silly tarball no local data for send@https://registry.npmjs.org/send/-/send-0.19.0.tgz. Extracting by manifest.
499 silly tarball no local data for safe-buffer@https://registry.npmjs.org/safe-buffer/-/safe-buffer-5.2.1.tgz. Extracting by manifest.
500 silly tarball no local data for range-parser@https://registry.npmjs.org/range-parser/-/range-parser-1.2.1.tgz. Extracting by manifest.
501 silly tarball no local data for qs@https://registry.npmjs.org/qs/-/qs-6.13.0.tgz. Extracting by manifest.
502 silly tarball no local data for proxy-addr@https://registry.npmjs.org/proxy-addr/-/proxy-addr-2.0.7.tgz. Extracting by manifest.
503 silly tarball no local data for path-to-regexp@https://registry.npmjs.org/path-to-regexp/-/path-to-regexp-0.1.12.tgz. Extracting by manifest.
504 silly tarball no local data for parseurl@https://registry.npmjs.org/parseurl/-/parseurl-1.3.3.tgz. Extracting by manifest.
505 silly tarball no local data for on-finished@https://registry.npmjs.org/on-finished/-/on-finished-2.4.1.tgz. Extracting by manifest.
506 silly tarball no local data for methods@https://registry.npmjs.org/methods/-/methods-1.1.2.tgz. Extracting by manifest.
507 silly tarball no local data for merge-descriptors@https://registry.npmjs.org/merge-descriptors/-/merge-descriptors-1.0.3.tgz. Extracting by manifest.
508 silly tarball no local data for http-errors@https://registry.npmjs.org/http-errors/-/http-errors-2.0.0.tgz. Extracting by manifest.
509 silly tarball no local data for fresh@https://registry.npmjs.org/fresh/-/fresh-0.5.2.tgz. Extracting by manifest.
510 silly tarball no local data for finalhandler@https://registry.npmjs.org/finalhandler/-/finalhandler-1.3.1.tgz. Extracting by manifest.
511 silly tarball no local data for etag@https://registry.npmjs.org/etag/-/etag-1.8.1.tgz. Extracting by manifest.
512 silly tarball no local data for escape-html@https://registry.npmjs.org/escape-html/-/escape-html-1.0.3.tgz. Extracting by manifest.
513 silly tarball no local data for encodeurl@https://registry.npmjs.org/encodeurl/-/encodeurl-2.0.0.tgz. Extracting by manifest.
514 silly tarball no local data for depd@https://registry.npmjs.org/depd/-/depd-2.0.0.tgz. Extracting by manifest.
515 silly tarball no local data for debug@https://registry.npmjs.org/debug/-/debug-2.6.9.tgz. Extracting by manifest.
516 silly tarball no local data for cookie-signature@https://registry.npmjs.org/cookie-signature/-/cookie-signature-1.0.6.tgz. Extracting by manifest.
517 silly tarball no local data for cookie@https://registry.npmjs.org/cookie/-/cookie-0.7.1.tgz. Extracting by manifest.
518 silly tarball no local data for content-type@https://registry.npmjs.org/content-type/-/content-type-1.0.5.tgz. Extracting by manifest.
519 silly tarball no local data for content-disposition@https://registry.npmjs.org/content-disposition/-/content-disposition-0.5.4.tgz. Extracting by manifest.
520 silly tarball no local data for body-parser@https://registry.npmjs.org/body-parser/-/body-parser-1.20.3.tgz. Extracting by manifest.
521 silly tarball no local data for array-flatten@https://registry.npmjs.org/array-flatten/-/array-flatten-1.1.1.tgz. Extracting by manifest.
522 silly tarball no local data for accepts@https://registry.npmjs.org/accepts/-/accepts-1.3.8.tgz. Extracting by manifest.
523 silly tarball no local data for express@https://registry.npmjs.org/express/-/express-4.21.2.tgz. Extracting by manifest.
524 silly tarball no local data for ms@https://registry.npmjs.org/ms/-/ms-2.1.3.tgz. Extracting by manifest.
525 silly tarball no local data for encodeurl@https://registry.npmjs.org/encodeurl/-/encodeurl-1.0.2.tgz. Extracting by manifest.
526 http fetch POST 200 https://registry.npmjs.org/-/npm/v1/security/advisories/bulk 489ms
527 silly audit report {}
528 http fetch GET 200 https://registry.npmjs.org/media-typer/-/media-typer-0.3.0.tgz 591ms (cache miss)
529 http fetch GET 200 https://registry.npmjs.org/dunder-proto/-/dunder-proto-1.0.1.tgz 591ms (cache miss)
530 http fetch GET 200 https://registry.npmjs.org/math-intrinsics/-/math-intrinsics-1.1.0.tgz 633ms (cache miss)
531 http fetch GET 200 https://registry.npmjs.org/hasown/-/hasown-2.0.2.tgz 647ms (cache miss)
532 http fetch GET 200 https://registry.npmjs.org/side-channel-list/-/side-channel-list-1.0.0.tgz 651ms (cache miss)
533 http fetch GET 200 https://registry.npmjs.org/side-channel-map/-/side-channel-map-1.0.1.tgz 686ms (cache miss)
534 http fetch GET 200 https://registry.npmjs.org/es-errors/-/es-errors-1.3.0.tgz 773ms (cache miss)
535 http fetch GET 200 https://registry.npmjs.org/ipaddr.js/-/ipaddr.js-1.9.1.tgz 825ms (cache miss)
536 http fetch GET 200 https://registry.npmjs.org/mime/-/mime-1.6.0.tgz 867ms (cache miss)
537 http fetch GET 200 https://registry.npmjs.org/forwarded/-/forwarded-0.2.0.tgz 864ms (cache miss)
538 http fetch GET 200 https://registry.npmjs.org/side-channel/-/side-channel-1.1.0.tgz 895ms (cache miss)
539 http fetch GET 200 https://registry.npmjs.org/get-proto/-/get-proto-1.0.1.tgz 981ms (cache miss)
540 http fetch GET 200 https://registry.npmjs.org/ee-first/-/ee-first-1.1.1.tgz 955ms (cache miss)
541 http fetch GET 200 https://registry.npmjs.org/toidentifier/-/toidentifier-1.0.1.tgz 958ms (cache miss)
542 http fetch GET 200 https://registry.npmjs.org/mime-db/-/mime-db-1.52.0.tgz 977ms (cache miss)
543 http fetch GET 200 https://registry.npmjs.org/gopd/-/gopd-1.2.0.tgz 1003ms (cache miss)
544 http fetch GET 200 https://registry.npmjs.org/ms/-/ms-2.0.0.tgz 977ms (cache miss)
545 http fetch GET 200 https://registry.npmjs.org/es-define-property/-/es-define-property-1.0.1.tgz 1018ms (cache miss)
546 http fetch GET 200 https://registry.npmjs.org/inherits/-/inherits-2.0.4.tgz 994ms (cache miss)
547 http fetch GET 200 https://registry.npmjs.org/unpipe/-/unpipe-1.0.0.tgz 994ms (cache miss)
548 http fetch GET 200 https://registry.npmjs.org/bytes/-/bytes-3.1.2.tgz 992ms (cache miss)
549 http fetch GET 200 https://registry.npmjs.org/safer-buffer/-/safer-buffer-2.1.2.tgz 1009ms (cache miss)
550 http fetch GET 200 https://registry.npmjs.org/call-bound/-/call-bound-1.0.3.tgz 1030ms (cache miss)
551 http fetch GET 200 https://registry.npmjs.org/raw-body/-/raw-body-2.5.2.tgz 1009ms (cache miss)
552 http fetch GET 200 https://registry.npmjs.org/side-channel-weakmap/-/side-channel-weakmap-1.0.2.tgz 1041ms (cache miss)
553 http fetch GET 200 https://registry.npmjs.org/setprototypeof/-/setprototypeof-1.2.0.tgz 1025ms (cache miss)
554 http fetch GET 200 https://registry.npmjs.org/statuses/-/statuses-2.0.1.tgz 1026ms (cache miss)
555 http fetch GET 200 https://registry.npmjs.org/es-object-atoms/-/es-object-atoms-1.1.1.tgz 1064ms (cache miss)
556 http fetch GET 200 https://registry.npmjs.org/destroy/-/destroy-1.2.0.tgz 1037ms (cache miss)
557 http fetch GET 200 https://registry.npmjs.org/utils-merge/-/utils-merge-1.0.1.tgz 1042ms (cache miss)
558 http fetch GET 200 https://registry.npmjs.org/type-is/-/type-is-1.6.18.tgz 1052ms (cache miss)
559 http fetch GET 200 https://registry.npmjs.org/proxy-addr/-/proxy-addr-2.0.7.tgz 1049ms (cache miss)
560 http fetch GET 200 https://registry.npmjs.org/safe-buffer/-/safe-buffer-5.2.1.tgz 1062ms (cache miss)
561 http fetch GET 200 https://registry.npmjs.org/encodeurl/-/encodeurl-2.0.0.tgz 1061ms (cache miss)
562 http fetch GET 200 https://registry.npmjs.org/vary/-/vary-1.1.2.tgz 1084ms (cache miss)
563 http fetch GET 200 https://registry.npmjs.org/http-errors/-/http-errors-2.0.0.tgz 1076ms (cache miss)
564 http fetch GET 200 https://registry.npmjs.org/fresh/-/fresh-0.5.2.tgz 1076ms (cache miss)
565 http fetch GET 200 https://registry.npmjs.org/mime-types/-/mime-types-2.1.35.tgz 1093ms (cache miss)
566 http fetch GET 200 https://registry.npmjs.org/cookie-signature/-/cookie-signature-1.0.6.tgz 1076ms (cache miss)
567 http fetch GET 200 https://registry.npmjs.org/function-bind/-/function-bind-1.1.2.tgz 1130ms (cache miss)
568 http fetch GET 200 https://registry.npmjs.org/methods/-/methods-1.1.2.tgz 1091ms (cache miss)
569 http fetch GET 200 https://registry.npmjs.org/content-disposition/-/content-disposition-0.5.4.tgz 1079ms (cache miss)
570 http fetch GET 200 https://registry.npmjs.org/array-flatten/-/array-flatten-1.1.1.tgz 1078ms (cache miss)
571 http fetch GET 200 https://registry.npmjs.org/get-intrinsic/-/get-intrinsic-1.2.7.tgz 1135ms (cache miss)
572 http fetch GET 200 https://registry.npmjs.org/path-to-regexp/-/path-to-regexp-0.1.12.tgz 1105ms (cache miss)
573 http fetch GET 200 https://registry.npmjs.org/parseurl/-/parseurl-1.3.3.tgz 1105ms (cache miss)
574 http fetch GET 200 https://registry.npmjs.org/etag/-/etag-1.8.1.tgz 1100ms (cache miss)
575 http fetch GET 200 https://registry.npmjs.org/escape-html/-/escape-html-1.0.3.tgz 1100ms (cache miss)
576 http fetch GET 200 https://registry.npmjs.org/range-parser/-/range-parser-1.2.1.tgz 1115ms (cache miss)
577 http fetch GET 200 https://registry.npmjs.org/merge-descriptors/-/merge-descriptors-1.0.3.tgz 1110ms (cache miss)
578 http fetch GET 200 https://registry.npmjs.org/on-finished/-/on-finished-2.4.1.tgz 1112ms (cache miss)
579 http fetch GET 200 https://registry.npmjs.org/finalhandler/-/finalhandler-1.3.1.tgz 1114ms (cache miss)
580 http fetch GET 200 https://registry.npmjs.org/ms/-/ms-2.1.3.tgz 1102ms (cache miss)
581 http fetch GET 200 https://registry.npmjs.org/encodeurl/-/encodeurl-1.0.2.tgz 1102ms (cache miss)
582 http fetch GET 200 https://registry.npmjs.org/call-bind-apply-helpers/-/call-bind-apply-helpers-1.0.1.tgz 1159ms (cache miss)
583 http fetch GET 200 https://registry.npmjs.org/negotiator/-/negotiator-0.6.3.tgz 1133ms (cache miss)
584 http fetch GET 200 https://registry.npmjs.org/content-type/-/content-type-1.0.5.tgz 1111ms (cache miss)
585 http fetch GET 200 https://registry.npmjs.org/accepts/-/accepts-1.3.8.tgz 1108ms (cache miss)
586 http fetch GET 200 https://registry.npmjs.org/serve-static/-/serve-static-1.16.2.tgz 1131ms (cache miss)
587 http fetch GET 200 https://registry.npmjs.org/cookie/-/cookie-0.7.1.tgz 1115ms (cache miss)
588 http fetch GET 200 https://registry.npmjs.org/has-symbols/-/has-symbols-1.1.0.tgz 1177ms (cache miss)
589 http fetch GET 200 https://registry.npmjs.org/depd/-/depd-2.0.0.tgz 1128ms (cache miss)
590 http fetch GET 200 https://registry.npmjs.org/send/-/send-0.19.0.tgz 1145ms (cache miss)
591 http fetch GET 200 https://registry.npmjs.org/object-inspect/-/object-inspect-1.13.3.tgz 1175ms (cache miss)
592 http fetch GET 200 https://registry.npmjs.org/qs/-/qs-6.13.0.tgz 1166ms (cache miss)
593 http fetch GET 200 https://registry.npmjs.org/body-parser/-/body-parser-1.20.3.tgz 1153ms (cache miss)
594 http fetch GET 200 https://registry.npmjs.org/debug/-/debug-2.6.9.tgz 1160ms (cache miss)
595 http fetch GET 200 https://registry.npmjs.org/express/-/express-4.21.2.tgz 1168ms (cache miss)
596 http fetch GET 200 https://registry.npmjs.org/iconv-lite/-/iconv-lite-0.4.24.tgz 1209ms (cache miss)
597 silly ADD node_modules/media-typer
598 silly ADD node_modules/dunder-proto
599 silly ADD node_modules/math-intrinsics
600 silly ADD node_modules/hasown
601 silly ADD node_modules/has-symbols
602 silly ADD node_modules/gopd
603 silly ADD node_modules/get-proto
604 silly ADD node_modules/es-object-atoms
605 silly ADD node_modules/es-define-property
606 silly ADD node_modules/function-bind
607 silly ADD node_modules/call-bind-apply-helpers
608 silly ADD node_modules/get-intrinsic
609 silly ADD node_modules/call-bound
610 silly ADD node_modules/side-channel-weakmap
611 silly ADD node_modules/side-channel-map
612 silly ADD node_modules/side-channel-list
613 silly ADD node_modules/object-inspect
614 silly ADD node_modules/es-errors
615 silly ADD node_modules/mime
616 silly ADD node_modules/side-channel
617 silly ADD node_modules/ipaddr.js
618 silly ADD node_modules/forwarded
619 silly ADD node_modules/ee-first
620 silly ADD node_modules/mime-db
621 silly ADD node_modules/safer-buffer
622 silly ADD node_modules/toidentifier
623 silly ADD node_modules/inherits
624 silly ADD node_modules/ms
625 silly ADD node_modules/unpipe
626 silly ADD node_modules/raw-body
627 silly ADD node_modules/iconv-lite
628 silly ADD node_modules/destroy
629 silly ADD node_modules/bytes
630 silly ADD node_modules/negotiator
631 silly ADD node_modules/mime-types
632 silly ADD node_modules/vary
633 silly ADD node_modules/utils-merge
634 silly ADD node_modules/type-is
635 silly ADD node_modules/statuses
636 silly ADD node_modules/setprototypeof
637 silly ADD node_modules/serve-static
638 silly ADD node_modules/send
639 silly ADD node_modules/send/node_modules/ms
640 silly ADD node_modules/send/node_modules/encodeurl
641 silly ADD node_modules/safe-buffer
642 silly ADD node_modules/range-parser
643 silly ADD node_modules/qs
644 silly ADD node_modules/proxy-addr
645 silly ADD node_modules/path-to-regexp
646 silly ADD node_modules/parseurl
647 silly ADD node_modules/on-finished
648 silly ADD node_modules/methods
649 silly ADD node_modules/merge-descriptors
650 silly ADD node_modules/http-errors
651 silly ADD node_modules/fresh
652 silly ADD node_modules/finalhandler
653 silly ADD node_modules/etag
654 silly ADD node_modules/escape-html
655 silly ADD node_modules/encodeurl
656 silly ADD node_modules/depd
657 silly ADD node_modules/debug
658 silly ADD node_modules/cookie-signature
659 silly ADD node_modules/cookie
660 silly ADD node_modules/content-type
661 silly ADD node_modules/content-disposition
662 silly ADD node_modules/body-parser
663 silly ADD node_modules/array-flatten
664 silly ADD node_modules/accepts
665 silly ADD node_modules/express
666 verbose cwd /data/data/com.termux/files/home
667 verbose os Linux 5.15.123-android13-8-00044-g5682afbff3e0-ab11501453
668 verbose node v23.6.1
669 verbose npm  v10.9.2
670 verbose exit 0
671 info ok
