
Xvnc TigerVNC 1.14.1 - built Oct 28 2024 21:09:38
Copyright (C) 1999-2024 TigerVNC Team and many others (see README.rst)
See https://www.tigervnc.org for information on TigerVNC.
Underlying X server release 12101008

Built without GBM support
Failed to initialize DRI3 extension
Sync Extension 3.1

Wed Jan 22 23:41:29 2025
 vncext:      VNC extension running!
 vncext:      Listening for VNC connections on all interface(s), port 5901
 vncext:      created VNC server for screen 0
[dix] Could not init font path element /data/data/com.termux/files/usr/share/fonts/misc/, removing from list!
[dix] Could not init font path element /data/data/com.termux/files/usr/share/fonts/TTF/, removing from list!
[dix] Could not init font path element /data/data/com.termux/files/usr/share/fonts/OTF/, removing from list!
[dix] Could not init font path element /data/data/com.termux/files/usr/share/fonts/Type1/, removing from list!
[dix] Could not init font path element /data/data/com.termux/files/usr/share/fonts/100dpi/, removing from list!
[dix] Could not init font path element /data/data/com.termux/files/usr/share/fonts/75dpi/, removing from list!
Popen: `"/data/data/com.termux/files/usr/bin/xkbcomp" -w 1 "-R/data/data/com.termux/files/usr/share/X11/xkb" -xkm "-" -em1 "The XKEYBOARD keymap compiler (xkbcomp) reports:" -emp "> " -eml "Errors from xkbcomp are not fatal to the X server" "/data/data/com.termux/files/usr/tmp/server-1.xkm"', fp = 0xb40000725db55018
Pclose: fp = 0xb40000725db55018
Loaded XKB keymap /data/data/com.termux/files/usr/tmp/server-1.xkm, defined=0x7f
client(0): Reserved pid(20646).
client(0): Reserved cmdname(/data/data/com.termux/files/usr/bin/Xvnc) and cmdargs(/data/data/com.termux/files/usr/bin/Xvnc :1 -auth /data/data/com.termux/files/home/.Xauthority -desktop localhost:1 () -geometry 1024x768 -rfbauth /data/data/com.termux/files/home/.vnc/passwd -rfbport 5901).
[mi] mieq: warning: overriding existing handler 0x0 with 0x726c82b4d8 for event 2
[mi] mieq: warning: overriding existing handler 0x0 with 0x726c82b4d8 for event 3
/data/data/com.termux/files/home/.vnc/xstartup: 7: aterm: Permission denied
/data/data/com.termux/files/home/.vnc/xstartup: 11: twm: Permission denied
